{"/Users/kabinaya/Documents/BookManagement/BookManagement/app.js":{"path":"/Users/kabinaya/Documents/BookManagement/BookManagement/app.js","s":{"1":1,"2":1,"3":1,"4":1,"5":1,"6":1,"7":1,"8":1,"9":1,"10":1,"11":1,"12":1,"13":1,"14":1,"15":1,"16":1,"17":1,"18":1,"19":1,"20":3,"21":1,"22":1,"23":1,"24":1,"25":1,"26":1,"27":1,"28":1,"29":1,"30":1,"31":1,"32":1,"33":0,"34":0,"35":0,"36":1,"37":1,"38":1,"39":0,"40":1,"41":1,"42":0,"43":1},"b":{"1":[1,1],"2":[0,1],"3":[1,1,1],"4":[0,1]},"f":{"1":1},"fnMap":{"1":{"name":"(anonymous_1)","line":44,"loc":{"start":{"line":44,"column":23},"end":{"line":44,"column":38}}}},"statementMap":{"1":{"start":{"line":1,"column":0},"end":{"line":1,"column":35}},"2":{"start":{"line":2,"column":0},"end":{"line":2,"column":31}},"3":{"start":{"line":3,"column":0},"end":{"line":3,"column":38}},"4":{"start":{"line":4,"column":0},"end":{"line":4,"column":33}},"5":{"start":{"line":5,"column":0},"end":{"line":5,"column":29}},"6":{"start":{"line":6,"column":0},"end":{"line":6,"column":42}},"7":{"start":{"line":8,"column":0},"end":{"line":8,"column":46}},"8":{"start":{"line":9,"column":0},"end":{"line":9,"column":43}},"9":{"start":{"line":10,"column":0},"end":{"line":10,"column":50}},"10":{"start":{"line":12,"column":0},"end":{"line":12,"column":22}},"11":{"start":{"line":13,"column":0},"end":{"line":13,"column":38}},"12":{"start":{"line":15,"column":0},"end":{"line":15,"column":28}},"13":{"start":{"line":16,"column":0},"end":{"line":16,"column":27}},"14":{"start":{"line":17,"column":0},"end":{"line":17,"column":52}},"15":{"start":{"line":18,"column":0},"end":{"line":18,"column":24}},"16":{"start":{"line":19,"column":0},"end":{"line":23,"column":4}},"17":{"start":{"line":25,"column":0},"end":{"line":25,"column":41}},"18":{"start":{"line":27,"column":0},"end":{"line":27,"column":58}},"19":{"start":{"line":28,"column":0},"end":{"line":31,"column":3}},"20":{"start":{"line":30,"column":2},"end":{"line":30,"column":9}},"21":{"start":{"line":32,"column":0},"end":{"line":32,"column":82}},"22":{"start":{"line":33,"column":0},"end":{"line":33,"column":90}},"23":{"start":{"line":34,"column":0},"end":{"line":34,"column":69}},"24":{"start":{"line":35,"column":0},"end":{"line":35,"column":94}},"25":{"start":{"line":36,"column":0},"end":{"line":36,"column":88}},"26":{"start":{"line":37,"column":0},"end":{"line":37,"column":32}},"27":{"start":{"line":38,"column":0},"end":{"line":38,"column":30}},"28":{"start":{"line":42,"column":0},"end":{"line":42,"column":56}},"29":{"start":{"line":43,"column":0},"end":{"line":43,"column":56}},"30":{"start":{"line":44,"column":0},"end":{"line":52,"column":4}},"31":{"start":{"line":45,"column":2},"end":{"line":45,"column":18}},"32":{"start":{"line":46,"column":2},"end":{"line":51,"column":3}},"33":{"start":{"line":48,"column":4},"end":{"line":48,"column":34}},"34":{"start":{"line":49,"column":4},"end":{"line":49,"column":28}},"35":{"start":{"line":50,"column":4},"end":{"line":50,"column":18}},"36":{"start":{"line":53,"column":0},"end":{"line":53,"column":30}},"37":{"start":{"line":54,"column":0},"end":{"line":54,"column":29}},"38":{"start":{"line":56,"column":0},"end":{"line":65,"column":3}},"39":{"start":{"line":57,"column":2},"end":{"line":64,"column":4}},"40":{"start":{"line":67,"column":0},"end":{"line":74,"column":3}},"41":{"start":{"line":68,"column":2},"end":{"line":73,"column":3}},"42":{"start":{"line":69,"column":4},"end":{"line":69,"column":46}},"43":{"start":{"line":72,"column":4},"end":{"line":72,"column":58}}},"branchMap":{"1":{"line":13,"type":"binary-expr","locations":[{"start":{"line":13,"column":13},"end":{"line":13,"column":29}},{"start":{"line":13,"column":33},"end":{"line":13,"column":37}}]},"2":{"line":46,"type":"if","locations":[{"start":{"line":46,"column":2},"end":{"line":46,"column":2}},{"start":{"line":46,"column":2},"end":{"line":46,"column":2}}]},"3":{"line":46,"type":"binary-expr","locations":[{"start":{"line":46,"column":6},"end":{"line":46,"column":14}},{"start":{"line":46,"column":18},"end":{"line":46,"column":46}},{"start":{"line":46,"column":50},"end":{"line":46,"column":71}}]},"4":{"line":68,"type":"if","locations":[{"start":{"line":68,"column":2},"end":{"line":68,"column":2}},{"start":{"line":68,"column":2},"end":{"line":68,"column":2}}]}}},"/Users/kabinaya/Documents/BookManagement/BookManagement/src/config/passport.js":{"path":"/Users/kabinaya/Documents/BookManagement/BookManagement/src/config/passport.js","s":{"1":1,"2":1,"3":1,"4":1,"5":1,"6":1,"7":1,"8":1,"9":0,"10":0,"11":1,"12":0,"13":0},"b":{},"f":{"1":1},"fnMap":{"1":{"name":"passportConfig","line":4,"loc":{"start":{"line":4,"column":17},"end":{"line":4,"column":46}}}},"statementMap":{"1":{"start":{"line":1,"column":0},"end":{"line":1,"column":37}},"2":{"start":{"line":2,"column":0},"end":{"line":2,"column":47}},"3":{"start":{"line":3,"column":0},"end":{"line":3,"column":41}},"4":{"start":{"line":4,"column":0},"end":{"line":20,"column":2}},"5":{"start":{"line":5,"column":2},"end":{"line":5,"column":22}},"6":{"start":{"line":6,"column":2},"end":{"line":6,"column":33}},"7":{"start":{"line":7,"column":2},"end":{"line":7,"column":30}},"8":{"start":{"line":9,"column":2},"end":{"line":12,"column":5}},"9":{"start":{"line":10,"column":4},"end":{"line":10,"column":16}},"10":{"start":{"line":11,"column":4},"end":{"line":11,"column":21}},"11":{"start":{"line":15,"column":2},"end":{"line":19,"column":5}},"12":{"start":{"line":16,"column":4},"end":{"line":16,"column":16}},"13":{"start":{"line":18,"column":4},"end":{"line":18,"column":21}}},"branchMap":{}},"/Users/kabinaya/Documents/BookManagement/BookManagement/src/config/strategies/local.strategy.js":{"path":"/Users/kabinaya/Documents/BookManagement/BookManagement/src/config/strategies/local.strategy.js","s":{"1":1,"2":1,"3":1,"4":1,"5":1,"6":1,"7":1,"8":1,"9":0,"10":0,"11":0,"12":0,"13":0,"14":0,"15":0,"16":0},"b":{"1":[0,0],"2":[0,0]},"f":{"1":1},"fnMap":{"1":{"name":"localStrategy","line":9,"loc":{"start":{"line":9,"column":17},"end":{"line":9,"column":42}}}},"statementMap":{"1":{"start":{"line":1,"column":0},"end":{"line":1,"column":37}},"2":{"start":{"line":2,"column":0},"end":{"line":2,"column":53}},"3":{"start":{"line":3,"column":0},"end":{"line":3,"column":47}},"4":{"start":{"line":4,"column":0},"end":{"line":4,"column":37}},"5":{"start":{"line":6,"column":0},"end":{"line":6,"column":62}},"6":{"start":{"line":7,"column":0},"end":{"line":7,"column":60}},"7":{"start":{"line":9,"column":0},"end":{"line":27,"column":2}},"8":{"start":{"line":10,"column":2},"end":{"line":26,"column":6}},"9":{"start":{"line":14,"column":4},"end":{"line":14,"column":21}},"10":{"start":{"line":15,"column":4},"end":{"line":15,"column":30}},"11":{"start":{"line":16,"column":4},"end":{"line":16,"column":20}},"12":{"start":{"line":17,"column":4},"end":{"line":25,"column":7}},"13":{"start":{"line":18,"column":6},"end":{"line":18,"column":18}},"14":{"start":{"line":19,"column":6},"end":{"line":24,"column":7}},"15":{"start":{"line":20,"column":8},"end":{"line":20,"column":25}},"16":{"start":{"line":23,"column":8},"end":{"line":23,"column":26}}},"branchMap":{"1":{"line":19,"type":"if","locations":[{"start":{"line":19,"column":6},"end":{"line":19,"column":6}},{"start":{"line":19,"column":6},"end":{"line":19,"column":6}}]},"2":{"line":19,"type":"binary-expr","locations":[{"start":{"line":19,"column":10},"end":{"line":19,"column":14}},{"start":{"line":19,"column":18},"end":{"line":19,"column":44}}]}}},"/Users/kabinaya/Documents/BookManagement/BookManagement/models/libraryUserModel.js":{"path":"/Users/kabinaya/Documents/BookManagement/BookManagement/models/libraryUserModel.js","s":{"1":1,"2":1,"3":1,"4":1},"b":{},"f":{},"fnMap":{},"statementMap":{"1":{"start":{"line":1,"column":0},"end":{"line":1,"column":37}},"2":{"start":{"line":3,"column":0},"end":{"line":3,"column":31}},"3":{"start":{"line":5,"column":0},"end":{"line":8,"column":3}},"4":{"start":{"line":10,"column":0},"end":{"line":10,"column":65}}},"branchMap":{}},"/Users/kabinaya/Documents/BookManagement/BookManagement/src/routes/bookRoutes.js":{"path":"/Users/kabinaya/Documents/BookManagement/BookManagement/src/routes/bookRoutes.js","s":{"1":1,"2":1,"3":1,"4":1,"5":1,"6":1,"7":1,"8":1,"9":1,"10":1,"11":1,"12":1},"b":{},"f":{"1":1},"fnMap":{"1":{"name":"router","line":7,"loc":{"start":{"line":7,"column":0},"end":{"line":7,"column":18}}}},"statementMap":{"1":{"start":{"line":1,"column":0},"end":{"line":1,"column":35}},"2":{"start":{"line":3,"column":0},"end":{"line":3,"column":36}},"3":{"start":{"line":4,"column":0},"end":{"line":4,"column":49}},"4":{"start":{"line":5,"column":0},"end":{"line":5,"column":64}},"5":{"start":{"line":7,"column":0},"end":{"line":21,"column":1}},"6":{"start":{"line":8,"column":2},"end":{"line":8,"column":109}},"7":{"start":{"line":9,"column":2},"end":{"line":9,"column":22}},"8":{"start":{"line":10,"column":2},"end":{"line":12,"column":19}},"9":{"start":{"line":14,"column":2},"end":{"line":14,"column":41}},"10":{"start":{"line":15,"column":2},"end":{"line":19,"column":24}},"11":{"start":{"line":20,"column":2},"end":{"line":20,"column":20}},"12":{"start":{"line":22,"column":0},"end":{"line":22,"column":24}}},"branchMap":{}},"/Users/kabinaya/Documents/BookManagement/BookManagement/src/controllers/bookController.js":{"path":"/Users/kabinaya/Documents/BookManagement/BookManagement/src/controllers/bookController.js","s":{"1":1,"2":1,"3":1,"4":1,"5":1,"6":1,"7":1,"8":0,"9":0,"10":0,"11":0,"12":0,"13":0,"14":0,"15":0,"16":0,"17":1,"18":2,"19":2,"20":2,"21":2,"22":0,"23":2,"24":0,"25":2,"26":0,"27":2,"28":2,"29":2,"30":2,"31":0,"32":1,"33":0,"34":0,"35":0,"36":1,"37":1,"38":1,"39":1,"40":0,"41":0,"42":0,"43":0,"44":0,"45":0,"46":0,"47":0,"48":1,"49":0,"50":0,"51":0,"52":0,"53":0,"54":0,"55":0,"56":0,"57":1,"58":0,"59":0,"60":0,"61":0,"62":0,"63":0,"64":1,"65":1,"66":1,"67":0,"68":0,"69":1,"70":1,"71":0,"72":1,"73":1,"74":2,"75":1},"b":{"1":[0,0],"2":[0,0],"3":[0,0],"4":[0,2],"5":[0,2],"6":[0,2],"7":[2,0],"8":[1,0],"9":[0,0],"10":[0,0],"11":[0,0],"12":[0,0],"13":[0,1],"14":[0,1]},"f":{"1":2,"2":0,"3":2,"4":0,"5":1,"6":0,"7":0,"8":1},"fnMap":{"1":{"name":"bookController","line":18,"loc":{"start":{"line":18,"column":0},"end":{"line":18,"column":26}}},"2":{"name":"middleware","line":19,"loc":{"start":{"line":19,"column":2},"end":{"line":19,"column":38}}},"3":{"name":"getIndex","line":39,"loc":{"start":{"line":39,"column":2},"end":{"line":39,"column":30}}},"4":{"name":"getById","line":86,"loc":{"start":{"line":86,"column":2},"end":{"line":86,"column":29}}},"5":{"name":"addNewBook","line":99,"loc":{"start":{"line":99,"column":2},"end":{"line":99,"column":32}}},"6":{"name":"updateOneBook","line":125,"loc":{"start":{"line":125,"column":2},"end":{"line":125,"column":35}}},"7":{"name":"deleteBook","line":141,"loc":{"start":{"line":141,"column":2},"end":{"line":141,"column":32}}},"8":{"name":"postNew","line":153,"loc":{"start":{"line":153,"column":2},"end":{"line":153,"column":29}}}},"statementMap":{"1":{"start":{"line":2,"column":0},"end":{"line":2,"column":48}},"2":{"start":{"line":3,"column":0},"end":{"line":3,"column":53}},"3":{"start":{"line":6,"column":0},"end":{"line":6,"column":50}},"4":{"start":{"line":7,"column":0},"end":{"line":9,"column":2}},"5":{"start":{"line":10,"column":0},"end":{"line":17,"column":2}},"6":{"start":{"line":18,"column":0},"end":{"line":181,"column":1}},"7":{"start":{"line":19,"column":2},"end":{"line":38,"column":3}},"8":{"start":{"line":20,"column":4},"end":{"line":36,"column":5}},"9":{"start":{"line":21,"column":6},"end":{"line":32,"column":9}},"10":{"start":{"line":22,"column":8},"end":{"line":31,"column":9}},"11":{"start":{"line":23,"column":10},"end":{"line":23,"column":65}},"12":{"start":{"line":25,"column":13},"end":{"line":31,"column":9}},"13":{"start":{"line":26,"column":10},"end":{"line":26,"column":26}},"14":{"start":{"line":27,"column":10},"end":{"line":27,"column":17}},"15":{"start":{"line":30,"column":10},"end":{"line":30,"column":65}},"16":{"start":{"line":35,"column":6},"end":{"line":35,"column":24}},"17":{"start":{"line":39,"column":2},"end":{"line":85,"column":3}},"18":{"start":{"line":40,"column":4},"end":{"line":40,"column":34}},"19":{"start":{"line":41,"column":4},"end":{"line":41,"column":15}},"20":{"start":{"line":42,"column":4},"end":{"line":45,"column":6}},"21":{"start":{"line":46,"column":4},"end":{"line":48,"column":5}},"22":{"start":{"line":47,"column":6},"end":{"line":47,"column":38}},"23":{"start":{"line":49,"column":4},"end":{"line":51,"column":5}},"24":{"start":{"line":50,"column":6},"end":{"line":50,"column":37}},"25":{"start":{"line":52,"column":4},"end":{"line":54,"column":5}},"26":{"start":{"line":53,"column":6},"end":{"line":53,"column":37}},"27":{"start":{"line":55,"column":4},"end":{"line":84,"column":7}},"28":{"start":{"line":56,"column":6},"end":{"line":56,"column":19}},"29":{"start":{"line":57,"column":6},"end":{"line":82,"column":7}},"30":{"start":{"line":58,"column":8},"end":{"line":69,"column":10}},"31":{"start":{"line":72,"column":8},"end":{"line":81,"column":10}},"32":{"start":{"line":86,"column":2},"end":{"line":98,"column":3}},"33":{"start":{"line":87,"column":4},"end":{"line":87,"column":20}},"34":{"start":{"line":88,"column":4},"end":{"line":88,"column":20}},"35":{"start":{"line":89,"column":4},"end":{"line":97,"column":6}},"36":{"start":{"line":99,"column":2},"end":{"line":124,"column":3}},"37":{"start":{"line":100,"column":4},"end":{"line":103,"column":5}},"38":{"start":{"line":101,"column":6},"end":{"line":101,"column":41}},"39":{"start":{"line":102,"column":6},"end":{"line":102,"column":43}},"40":{"start":{"line":104,"column":4},"end":{"line":104,"column":36}},"41":{"start":{"line":105,"column":4},"end":{"line":105,"column":38}},"42":{"start":{"line":106,"column":4},"end":{"line":106,"column":34}},"43":{"start":{"line":107,"column":4},"end":{"line":107,"column":36}},"44":{"start":{"line":108,"column":4},"end":{"line":123,"column":7}},"45":{"start":{"line":109,"column":6},"end":{"line":122,"column":7}},"46":{"start":{"line":110,"column":8},"end":{"line":110,"column":63}},"47":{"start":{"line":113,"column":8},"end":{"line":121,"column":10}},"48":{"start":{"line":125,"column":2},"end":{"line":140,"column":3}},"49":{"start":{"line":126,"column":4},"end":{"line":128,"column":5}},"50":{"start":{"line":127,"column":6},"end":{"line":127,"column":26}},"51":{"start":{"line":129,"column":4},"end":{"line":131,"column":5}},"52":{"start":{"line":130,"column":6},"end":{"line":130,"column":46}},"53":{"start":{"line":132,"column":4},"end":{"line":139,"column":7}},"54":{"start":{"line":133,"column":6},"end":{"line":138,"column":7}},"55":{"start":{"line":134,"column":8},"end":{"line":134,"column":63}},"56":{"start":{"line":137,"column":8},"end":{"line":137,"column":27}},"57":{"start":{"line":141,"column":2},"end":{"line":152,"column":3}},"58":{"start":{"line":142,"column":4},"end":{"line":142,"column":20}},"59":{"start":{"line":143,"column":4},"end":{"line":143,"column":17}},"60":{"start":{"line":144,"column":4},"end":{"line":151,"column":7}},"61":{"start":{"line":145,"column":6},"end":{"line":150,"column":7}},"62":{"start":{"line":146,"column":8},"end":{"line":146,"column":63}},"63":{"start":{"line":149,"column":8},"end":{"line":149,"column":58}},"64":{"start":{"line":153,"column":2},"end":{"line":170,"column":3}},"65":{"start":{"line":154,"column":4},"end":{"line":154,"column":39}},"66":{"start":{"line":155,"column":4},"end":{"line":169,"column":5}},"67":{"start":{"line":156,"column":6},"end":{"line":156,"column":41}},"68":{"start":{"line":157,"column":6},"end":{"line":157,"column":36}},"69":{"start":{"line":160,"column":6},"end":{"line":168,"column":9}},"70":{"start":{"line":161,"column":8},"end":{"line":167,"column":9}},"71":{"start":{"line":162,"column":10},"end":{"line":162,"column":65}},"72":{"start":{"line":165,"column":10},"end":{"line":165,"column":41}},"73":{"start":{"line":166,"column":10},"end":{"line":166,"column":33}},"74":{"start":{"line":172,"column":2},"end":{"line":180,"column":4}},"75":{"start":{"line":183,"column":0},"end":{"line":183,"column":32}}},"branchMap":{"1":{"line":20,"type":"if","locations":[{"start":{"line":20,"column":4},"end":{"line":20,"column":4}},{"start":{"line":20,"column":4},"end":{"line":20,"column":4}}]},"2":{"line":22,"type":"if","locations":[{"start":{"line":22,"column":8},"end":{"line":22,"column":8}},{"start":{"line":22,"column":8},"end":{"line":22,"column":8}}]},"3":{"line":25,"type":"if","locations":[{"start":{"line":25,"column":13},"end":{"line":25,"column":13}},{"start":{"line":25,"column":13},"end":{"line":25,"column":13}}]},"4":{"line":46,"type":"if","locations":[{"start":{"line":46,"column":4},"end":{"line":46,"column":4}},{"start":{"line":46,"column":4},"end":{"line":46,"column":4}}]},"5":{"line":49,"type":"if","locations":[{"start":{"line":49,"column":4},"end":{"line":49,"column":4}},{"start":{"line":49,"column":4},"end":{"line":49,"column":4}}]},"6":{"line":52,"type":"if","locations":[{"start":{"line":52,"column":4},"end":{"line":52,"column":4}},{"start":{"line":52,"column":4},"end":{"line":52,"column":4}}]},"7":{"line":57,"type":"if","locations":[{"start":{"line":57,"column":6},"end":{"line":57,"column":6}},{"start":{"line":57,"column":6},"end":{"line":57,"column":6}}]},"8":{"line":100,"type":"if","locations":[{"start":{"line":100,"column":4},"end":{"line":100,"column":4}},{"start":{"line":100,"column":4},"end":{"line":100,"column":4}}]},"9":{"line":109,"type":"if","locations":[{"start":{"line":109,"column":6},"end":{"line":109,"column":6}},{"start":{"line":109,"column":6},"end":{"line":109,"column":6}}]},"10":{"line":126,"type":"if","locations":[{"start":{"line":126,"column":4},"end":{"line":126,"column":4}},{"start":{"line":126,"column":4},"end":{"line":126,"column":4}}]},"11":{"line":133,"type":"if","locations":[{"start":{"line":133,"column":6},"end":{"line":133,"column":6}},{"start":{"line":133,"column":6},"end":{"line":133,"column":6}}]},"12":{"line":145,"type":"if","locations":[{"start":{"line":145,"column":6},"end":{"line":145,"column":6}},{"start":{"line":145,"column":6},"end":{"line":145,"column":6}}]},"13":{"line":155,"type":"if","locations":[{"start":{"line":155,"column":4},"end":{"line":155,"column":4}},{"start":{"line":155,"column":4},"end":{"line":155,"column":4}}]},"14":{"line":161,"type":"if","locations":[{"start":{"line":161,"column":8},"end":{"line":161,"column":8}},{"start":{"line":161,"column":8},"end":{"line":161,"column":8}}]}}},"/Users/kabinaya/Documents/BookManagement/BookManagement/models/bookModel.js":{"path":"/Users/kabinaya/Documents/BookManagement/BookManagement/models/bookModel.js","s":{"1":1,"2":1,"3":1,"4":1},"b":{},"f":{},"fnMap":{},"statementMap":{"1":{"start":{"line":1,"column":0},"end":{"line":1,"column":37}},"2":{"start":{"line":3,"column":0},"end":{"line":3,"column":31}},"3":{"start":{"line":5,"column":0},"end":{"line":10,"column":3}},"4":{"start":{"line":12,"column":0},"end":{"line":12,"column":51}}},"branchMap":{}},"/Users/kabinaya/Documents/BookManagement/BookManagement/src/routes/authRoutes.js":{"path":"/Users/kabinaya/Documents/BookManagement/BookManagement/src/routes/authRoutes.js","s":{"1":1,"2":1,"3":1,"4":1,"5":1,"6":1,"7":1,"8":1,"9":1,"10":0,"11":0,"12":0,"13":0,"14":0,"15":1,"16":1},"b":{"1":[0,0]},"f":{"1":1},"fnMap":{"1":{"name":"router","line":11,"loc":{"start":{"line":11,"column":0},"end":{"line":11,"column":18}}}},"statementMap":{"1":{"start":{"line":1,"column":0},"end":{"line":1,"column":35}},"2":{"start":{"line":3,"column":0},"end":{"line":3,"column":49}},"3":{"start":{"line":7,"column":0},"end":{"line":7,"column":64}},"4":{"start":{"line":9,"column":0},"end":{"line":9,"column":82}},"5":{"start":{"line":10,"column":0},"end":{"line":10,"column":36}},"6":{"start":{"line":11,"column":0},"end":{"line":33,"column":1}},"7":{"start":{"line":12,"column":2},"end":{"line":14,"column":22}},"8":{"start":{"line":15,"column":2},"end":{"line":17,"column":28}},"9":{"start":{"line":19,"column":2},"end":{"line":31,"column":7}},"10":{"start":{"line":21,"column":6},"end":{"line":26,"column":7}},"11":{"start":{"line":22,"column":8},"end":{"line":22,"column":15}},"12":{"start":{"line":25,"column":8},"end":{"line":25,"column":26}},"13":{"start":{"line":29,"column":6},"end":{"line":29,"column":22}},"14":{"start":{"line":30,"column":6},"end":{"line":30,"column":25}},"15":{"start":{"line":32,"column":2},"end":{"line":32,"column":20}},"16":{"start":{"line":35,"column":0},"end":{"line":35,"column":24}}},"branchMap":{"1":{"line":21,"type":"if","locations":[{"start":{"line":21,"column":6},"end":{"line":21,"column":6}},{"start":{"line":21,"column":6},"end":{"line":21,"column":6}}]}}},"/Users/kabinaya/Documents/BookManagement/BookManagement/src/controllers/authController.js":{"path":"/Users/kabinaya/Documents/BookManagement/BookManagement/src/controllers/authController.js","s":{"1":1,"2":1,"3":1,"4":1,"5":1,"6":1,"7":0,"8":1,"9":0,"10":0,"11":0,"12":0,"13":0,"14":0,"15":0,"16":0,"17":0,"18":0,"19":0,"20":1,"21":0,"22":1,"23":0,"24":0,"25":0,"26":0,"27":0,"28":0,"29":0,"30":1,"31":1},"b":{"1":[0,0],"2":[0,0],"3":[0,0],"4":[0,0]},"f":{"1":1,"2":0,"3":0,"4":0,"5":0},"fnMap":{"1":{"name":"authController","line":10,"loc":{"start":{"line":10,"column":0},"end":{"line":10,"column":26}}},"2":{"name":"signUpPage","line":11,"loc":{"start":{"line":11,"column":2},"end":{"line":11,"column":32}}},"3":{"name":"addNewUser","line":22,"loc":{"start":{"line":22,"column":2},"end":{"line":22,"column":32}}},"4":{"name":"signInPage","line":45,"loc":{"start":{"line":45,"column":2},"end":{"line":45,"column":32}}},"5":{"name":"authenticateUser","line":53,"loc":{"start":{"line":53,"column":2},"end":{"line":53,"column":37}}}},"statementMap":{"1":{"start":{"line":2,"column":0},"end":{"line":2,"column":53}},"2":{"start":{"line":3,"column":0},"end":{"line":3,"column":37}},"3":{"start":{"line":6,"column":0},"end":{"line":6,"column":57}},"4":{"start":{"line":7,"column":0},"end":{"line":9,"column":2}},"5":{"start":{"line":10,"column":0},"end":{"line":78,"column":1}},"6":{"start":{"line":11,"column":2},"end":{"line":20,"column":3}},"7":{"start":{"line":12,"column":4},"end":{"line":19,"column":6}},"8":{"start":{"line":22,"column":2},"end":{"line":43,"column":3}},"9":{"start":{"line":23,"column":4},"end":{"line":23,"column":44}},"10":{"start":{"line":24,"column":4},"end":{"line":42,"column":7}},"11":{"start":{"line":25,"column":6},"end":{"line":25,"column":18}},"12":{"start":{"line":26,"column":6},"end":{"line":41,"column":7}},"13":{"start":{"line":27,"column":8},"end":{"line":27,"column":55}},"14":{"start":{"line":30,"column":8},"end":{"line":30,"column":48}},"15":{"start":{"line":31,"column":8},"end":{"line":40,"column":11}},"16":{"start":{"line":32,"column":10},"end":{"line":39,"column":11}},"17":{"start":{"line":33,"column":12},"end":{"line":33,"column":56}},"18":{"start":{"line":36,"column":12},"end":{"line":38,"column":15}},"19":{"start":{"line":37,"column":14},"end":{"line":37,"column":37}},"20":{"start":{"line":45,"column":2},"end":{"line":51,"column":3}},"21":{"start":{"line":46,"column":4},"end":{"line":50,"column":7}},"22":{"start":{"line":53,"column":2},"end":{"line":70,"column":3}},"23":{"start":{"line":54,"column":4},"end":{"line":54,"column":18}},"24":{"start":{"line":55,"column":4},"end":{"line":55,"column":44}},"25":{"start":{"line":56,"column":4},"end":{"line":69,"column":7}},"26":{"start":{"line":57,"column":6},"end":{"line":68,"column":7}},"27":{"start":{"line":58,"column":8},"end":{"line":60,"column":11}},"28":{"start":{"line":59,"column":10},"end":{"line":59,"column":33}},"29":{"start":{"line":67,"column":8},"end":{"line":67,"column":50}},"30":{"start":{"line":72,"column":2},"end":{"line":77,"column":4}},"31":{"start":{"line":80,"column":0},"end":{"line":80,"column":32}}},"branchMap":{"1":{"line":26,"type":"if","locations":[{"start":{"line":26,"column":6},"end":{"line":26,"column":6}},{"start":{"line":26,"column":6},"end":{"line":26,"column":6}}]},"2":{"line":32,"type":"if","locations":[{"start":{"line":32,"column":10},"end":{"line":32,"column":10}},{"start":{"line":32,"column":10},"end":{"line":32,"column":10}}]},"3":{"line":57,"type":"if","locations":[{"start":{"line":57,"column":6},"end":{"line":57,"column":6}},{"start":{"line":57,"column":6},"end":{"line":57,"column":6}}]},"4":{"line":57,"type":"binary-expr","locations":[{"start":{"line":57,"column":10},"end":{"line":57,"column":14}},{"start":{"line":57,"column":18},"end":{"line":57,"column":53}}]}}}}