{"/Users/kabinaya/Documents/BookManagement/BookManagement/src/config/errorcodes.js":{"path":"/Users/kabinaya/Documents/BookManagement/BookManagement/src/config/errorcodes.js","s":{"1":1},"b":{},"f":{},"fnMap":{},"statementMap":{"1":{"start":{"line":1,"column":0},"end":{"line":14,"column":2}}},"branchMap":{}},"/Users/kabinaya/Documents/BookManagement/BookManagement/models/libraryUserModel.js":{"path":"/Users/kabinaya/Documents/BookManagement/BookManagement/models/libraryUserModel.js","s":{"1":1,"2":1,"3":1,"4":1},"b":{},"f":{},"fnMap":{},"statementMap":{"1":{"start":{"line":1,"column":0},"end":{"line":1,"column":37}},"2":{"start":{"line":3,"column":0},"end":{"line":3,"column":31}},"3":{"start":{"line":5,"column":0},"end":{"line":12,"column":3}},"4":{"start":{"line":14,"column":0},"end":{"line":14,"column":65}}},"branchMap":{}},"/Users/kabinaya/Documents/BookManagement/BookManagement/src/controllers/authController.js":{"path":"/Users/kabinaya/Documents/BookManagement/BookManagement/src/controllers/authController.js","s":{"1":1,"2":1,"3":1,"4":1,"5":1,"6":1,"7":1,"8":1,"9":2,"10":2,"11":2,"12":1,"13":1,"14":1,"15":1,"16":1,"17":0,"18":0,"19":1,"20":1,"21":1,"22":2,"23":2,"24":2,"25":2,"26":1,"27":0,"28":1,"29":1,"30":5,"31":1,"32":1,"33":4,"34":3,"35":3,"36":3,"37":1,"38":1,"39":1,"40":2,"41":2,"42":2,"43":2,"44":1,"45":1,"46":1,"47":1,"48":1,"49":0,"50":1,"51":1,"52":2,"53":1},"b":{"1":[1,1],"2":[1,0],"3":[1,1],"4":[2,2],"5":[1,4],"6":[3,1],"7":[4,3,3,3],"8":[1,2],"9":[2,0],"10":[1,1]},"f":{"1":2,"2":1,"3":2,"4":1,"5":2,"6":5},"fnMap":{"1":{"name":"authController","line":6,"loc":{"start":{"line":6,"column":0},"end":{"line":6,"column":26}}},"2":{"name":"signUpPage","line":7,"loc":{"start":{"line":7,"column":2},"end":{"line":7,"column":32}}},"3":{"name":"addNewUser","line":18,"loc":{"start":{"line":18,"column":2},"end":{"line":18,"column":32}}},"4":{"name":"signInPage","line":40,"loc":{"start":{"line":40,"column":2},"end":{"line":40,"column":32}}},"5":{"name":"authenticateUser","line":48,"loc":{"start":{"line":48,"column":2},"end":{"line":48,"column":38}}},"6":{"name":"addbooktouser","line":66,"loc":{"start":{"line":66,"column":2},"end":{"line":66,"column":36}}}},"statementMap":{"1":{"start":{"line":1,"column":0},"end":{"line":1,"column":53}},"2":{"start":{"line":2,"column":0},"end":{"line":2,"column":50}},"3":{"start":{"line":3,"column":0},"end":{"line":3,"column":48}},"4":{"start":{"line":4,"column":0},"end":{"line":4,"column":57}},"5":{"start":{"line":6,"column":0},"end":{"line":114,"column":1}},"6":{"start":{"line":7,"column":2},"end":{"line":16,"column":3}},"7":{"start":{"line":8,"column":4},"end":{"line":15,"column":6}},"8":{"start":{"line":18,"column":2},"end":{"line":38,"column":3}},"9":{"start":{"line":19,"column":4},"end":{"line":19,"column":44}},"10":{"start":{"line":20,"column":4},"end":{"line":37,"column":7}},"11":{"start":{"line":21,"column":6},"end":{"line":36,"column":7}},"12":{"start":{"line":22,"column":8},"end":{"line":22,"column":55}},"13":{"start":{"line":25,"column":8},"end":{"line":25,"column":48}},"14":{"start":{"line":26,"column":8},"end":{"line":35,"column":11}},"15":{"start":{"line":27,"column":10},"end":{"line":34,"column":11}},"16":{"start":{"line":28,"column":12},"end":{"line":28,"column":56}},"17":{"start":{"line":31,"column":12},"end":{"line":33,"column":15}},"18":{"start":{"line":32,"column":14},"end":{"line":32,"column":37}},"19":{"start":{"line":40,"column":2},"end":{"line":46,"column":3}},"20":{"start":{"line":41,"column":4},"end":{"line":45,"column":7}},"21":{"start":{"line":48,"column":2},"end":{"line":65,"column":3}},"22":{"start":{"line":49,"column":4},"end":{"line":49,"column":18}},"23":{"start":{"line":50,"column":4},"end":{"line":50,"column":44}},"24":{"start":{"line":51,"column":4},"end":{"line":64,"column":7}},"25":{"start":{"line":52,"column":6},"end":{"line":63,"column":7}},"26":{"start":{"line":53,"column":8},"end":{"line":55,"column":11}},"27":{"start":{"line":54,"column":10},"end":{"line":54,"column":33}},"28":{"start":{"line":62,"column":8},"end":{"line":62,"column":50}},"29":{"start":{"line":66,"column":2},"end":{"line":105,"column":3}},"30":{"start":{"line":67,"column":4},"end":{"line":104,"column":5}},"31":{"start":{"line":68,"column":6},"end":{"line":68,"column":41}},"32":{"start":{"line":69,"column":6},"end":{"line":69,"column":42}},"33":{"start":{"line":71,"column":9},"end":{"line":104,"column":5}},"34":{"start":{"line":72,"column":6},"end":{"line":72,"column":45}},"35":{"start":{"line":73,"column":6},"end":{"line":99,"column":9}},"36":{"start":{"line":74,"column":8},"end":{"line":98,"column":9}},"37":{"start":{"line":75,"column":10},"end":{"line":75,"column":21}},"38":{"start":{"line":76,"column":10},"end":{"line":76,"column":55}},"39":{"start":{"line":77,"column":10},"end":{"line":77,"column":38}},"40":{"start":{"line":80,"column":10},"end":{"line":96,"column":11}},"41":{"start":{"line":81,"column":12},"end":{"line":81,"column":46}},"42":{"start":{"line":82,"column":12},"end":{"line":92,"column":15}},"43":{"start":{"line":83,"column":14},"end":{"line":91,"column":15}},"44":{"start":{"line":84,"column":16},"end":{"line":84,"column":27}},"45":{"start":{"line":85,"column":16},"end":{"line":85,"column":61}},"46":{"start":{"line":86,"column":16},"end":{"line":86,"column":44}},"47":{"start":{"line":89,"column":16},"end":{"line":89,"column":42}},"48":{"start":{"line":90,"column":16},"end":{"line":90,"column":27}},"49":{"start":{"line":95,"column":12},"end":{"line":95,"column":80}},"50":{"start":{"line":102,"column":6},"end":{"line":102,"column":41}},"51":{"start":{"line":103,"column":6},"end":{"line":103,"column":46}},"52":{"start":{"line":107,"column":2},"end":{"line":113,"column":4}},"53":{"start":{"line":116,"column":0},"end":{"line":116,"column":32}}},"branchMap":{"1":{"line":21,"type":"if","locations":[{"start":{"line":21,"column":6},"end":{"line":21,"column":6}},{"start":{"line":21,"column":6},"end":{"line":21,"column":6}}]},"2":{"line":27,"type":"if","locations":[{"start":{"line":27,"column":10},"end":{"line":27,"column":10}},{"start":{"line":27,"column":10},"end":{"line":27,"column":10}}]},"3":{"line":52,"type":"if","locations":[{"start":{"line":52,"column":6},"end":{"line":52,"column":6}},{"start":{"line":52,"column":6},"end":{"line":52,"column":6}}]},"4":{"line":52,"type":"binary-expr","locations":[{"start":{"line":52,"column":10},"end":{"line":52,"column":14}},{"start":{"line":52,"column":18},"end":{"line":52,"column":53}}]},"5":{"line":67,"type":"if","locations":[{"start":{"line":67,"column":4},"end":{"line":67,"column":4}},{"start":{"line":67,"column":4},"end":{"line":67,"column":4}}]},"6":{"line":71,"type":"if","locations":[{"start":{"line":71,"column":9},"end":{"line":71,"column":9}},{"start":{"line":71,"column":9},"end":{"line":71,"column":9}}]},"7":{"line":71,"type":"binary-expr","locations":[{"start":{"line":71,"column":13},"end":{"line":71,"column":24}},{"start":{"line":71,"column":28},"end":{"line":71,"column":48}},{"start":{"line":71,"column":52},"end":{"line":71,"column":77}},{"start":{"line":71,"column":81},"end":{"line":71,"column":110}}]},"8":{"line":74,"type":"if","locations":[{"start":{"line":74,"column":8},"end":{"line":74,"column":8}},{"start":{"line":74,"column":8},"end":{"line":74,"column":8}}]},"9":{"line":80,"type":"if","locations":[{"start":{"line":80,"column":10},"end":{"line":80,"column":10}},{"start":{"line":80,"column":10},"end":{"line":80,"column":10}}]},"10":{"line":83,"type":"if","locations":[{"start":{"line":83,"column":14},"end":{"line":83,"column":14}},{"start":{"line":83,"column":14},"end":{"line":83,"column":14}}]}}},"/Users/kabinaya/Documents/BookManagement/BookManagement/app.js":{"path":"/Users/kabinaya/Documents/BookManagement/BookManagement/app.js","s":{"1":1,"2":1,"3":1,"4":1,"5":1,"6":1,"7":1,"8":1,"9":1,"10":1,"11":1,"12":1,"13":1,"14":1,"15":1,"16":1,"17":1,"18":0,"19":1,"20":1,"21":1,"22":1,"23":1,"24":1,"25":1,"26":1,"27":1,"28":1,"29":1,"30":1,"31":1,"32":1,"33":1,"34":1,"35":1,"36":7,"37":7,"38":0,"39":0,"40":0,"41":0,"42":1,"43":5,"44":2,"45":2,"46":2,"47":1,"48":1,"49":1,"50":1,"51":1,"52":1,"53":1,"54":0,"55":1},"b":{"1":[1,1],"2":[0,1],"3":[7,0],"4":[0,0],"5":[0,0,0,0],"6":[2,3],"7":[5,5,5],"8":[0,1]},"f":{"1":7,"2":5},"fnMap":{"1":{"name":"(anonymous_1)","line":48,"loc":{"start":{"line":48,"column":18},"end":{"line":48,"column":44}}},"2":{"name":"(anonymous_2)","line":63,"loc":{"start":{"line":63,"column":23},"end":{"line":63,"column":38}}}},"statementMap":{"1":{"start":{"line":1,"column":0},"end":{"line":1,"column":35}},"2":{"start":{"line":2,"column":0},"end":{"line":2,"column":31}},"3":{"start":{"line":3,"column":0},"end":{"line":3,"column":38}},"4":{"start":{"line":4,"column":0},"end":{"line":4,"column":33}},"5":{"start":{"line":5,"column":0},"end":{"line":5,"column":29}},"6":{"start":{"line":6,"column":0},"end":{"line":6,"column":42}},"7":{"start":{"line":8,"column":0},"end":{"line":8,"column":46}},"8":{"start":{"line":9,"column":0},"end":{"line":9,"column":43}},"9":{"start":{"line":10,"column":0},"end":{"line":10,"column":50}},"10":{"start":{"line":11,"column":0},"end":{"line":11,"column":38}},"11":{"start":{"line":12,"column":0},"end":{"line":12,"column":53}},"12":{"start":{"line":14,"column":0},"end":{"line":14,"column":22}},"13":{"start":{"line":15,"column":0},"end":{"line":15,"column":38}},"14":{"start":{"line":17,"column":0},"end":{"line":17,"column":48}},"15":{"start":{"line":18,"column":0},"end":{"line":18,"column":91}},"16":{"start":{"line":19,"column":0},"end":{"line":19,"column":70}},"17":{"start":{"line":20,"column":0},"end":{"line":22,"column":1}},"18":{"start":{"line":21,"column":2},"end":{"line":21,"column":30}},"19":{"start":{"line":23,"column":0},"end":{"line":23,"column":27}},"20":{"start":{"line":24,"column":0},"end":{"line":24,"column":52}},"21":{"start":{"line":25,"column":0},"end":{"line":25,"column":24}},"22":{"start":{"line":26,"column":0},"end":{"line":30,"column":4}},"23":{"start":{"line":32,"column":0},"end":{"line":32,"column":41}},"24":{"start":{"line":34,"column":0},"end":{"line":34,"column":58}},"25":{"start":{"line":35,"column":0},"end":{"line":35,"column":82}},"26":{"start":{"line":36,"column":0},"end":{"line":36,"column":90}},"27":{"start":{"line":37,"column":0},"end":{"line":37,"column":69}},"28":{"start":{"line":38,"column":0},"end":{"line":38,"column":94}},"29":{"start":{"line":39,"column":0},"end":{"line":39,"column":88}},"30":{"start":{"line":40,"column":0},"end":{"line":40,"column":32}},"31":{"start":{"line":41,"column":0},"end":{"line":41,"column":30}},"32":{"start":{"line":45,"column":0},"end":{"line":45,"column":56}},"33":{"start":{"line":46,"column":0},"end":{"line":46,"column":56}},"34":{"start":{"line":47,"column":0},"end":{"line":47,"column":62}},"35":{"start":{"line":48,"column":0},"end":{"line":62,"column":3}},"36":{"start":{"line":49,"column":2},"end":{"line":60,"column":3}},"37":{"start":{"line":50,"column":4},"end":{"line":50,"column":11}},"38":{"start":{"line":53,"column":4},"end":{"line":59,"column":5}},"39":{"start":{"line":54,"column":6},"end":{"line":54,"column":56}},"40":{"start":{"line":55,"column":6},"end":{"line":55,"column":13}},"41":{"start":{"line":58,"column":6},"end":{"line":58,"column":24}},"42":{"start":{"line":63,"column":0},"end":{"line":70,"column":4}},"43":{"start":{"line":64,"column":2},"end":{"line":69,"column":3}},"44":{"start":{"line":66,"column":4},"end":{"line":66,"column":34}},"45":{"start":{"line":67,"column":4},"end":{"line":67,"column":28}},"46":{"start":{"line":68,"column":4},"end":{"line":68,"column":18}},"47":{"start":{"line":71,"column":0},"end":{"line":71,"column":30}},"48":{"start":{"line":72,"column":0},"end":{"line":72,"column":29}},"49":{"start":{"line":73,"column":0},"end":{"line":73,"column":35}},"50":{"start":{"line":75,"column":0},"end":{"line":84,"column":3}},"51":{"start":{"line":76,"column":2},"end":{"line":83,"column":4}},"52":{"start":{"line":86,"column":0},"end":{"line":93,"column":3}},"53":{"start":{"line":87,"column":2},"end":{"line":92,"column":3}},"54":{"start":{"line":88,"column":4},"end":{"line":88,"column":46}},"55":{"start":{"line":91,"column":4},"end":{"line":91,"column":58}}},"branchMap":{"1":{"line":15,"type":"binary-expr","locations":[{"start":{"line":15,"column":13},"end":{"line":15,"column":29}},{"start":{"line":15,"column":33},"end":{"line":15,"column":37}}]},"2":{"line":20,"type":"if","locations":[{"start":{"line":20,"column":0},"end":{"line":20,"column":0}},{"start":{"line":20,"column":0},"end":{"line":20,"column":0}}]},"3":{"line":49,"type":"if","locations":[{"start":{"line":49,"column":2},"end":{"line":49,"column":2}},{"start":{"line":49,"column":2},"end":{"line":49,"column":2}}]},"4":{"line":53,"type":"if","locations":[{"start":{"line":53,"column":4},"end":{"line":53,"column":4}},{"start":{"line":53,"column":4},"end":{"line":53,"column":4}}]},"5":{"line":53,"type":"binary-expr","locations":[{"start":{"line":53,"column":8},"end":{"line":53,"column":19}},{"start":{"line":53,"column":23},"end":{"line":53,"column":43}},{"start":{"line":53,"column":47},"end":{"line":53,"column":72}},{"start":{"line":53,"column":76},"end":{"line":53,"column":105}}]},"6":{"line":64,"type":"if","locations":[{"start":{"line":64,"column":2},"end":{"line":64,"column":2}},{"start":{"line":64,"column":2},"end":{"line":64,"column":2}}]},"7":{"line":64,"type":"binary-expr","locations":[{"start":{"line":64,"column":6},"end":{"line":64,"column":14}},{"start":{"line":64,"column":18},"end":{"line":64,"column":46}},{"start":{"line":64,"column":50},"end":{"line":64,"column":71}}]},"8":{"line":87,"type":"if","locations":[{"start":{"line":87,"column":2},"end":{"line":87,"column":2}},{"start":{"line":87,"column":2},"end":{"line":87,"column":2}}]}}},"/Users/kabinaya/Documents/BookManagement/BookManagement/src/config/passport.js":{"path":"/Users/kabinaya/Documents/BookManagement/BookManagement/src/config/passport.js","s":{"1":1,"2":1,"3":1,"4":1,"5":1,"6":1,"7":1,"8":1,"9":0,"10":0,"11":1,"12":0,"13":0},"b":{},"f":{"1":1},"fnMap":{"1":{"name":"passportConfig","line":4,"loc":{"start":{"line":4,"column":17},"end":{"line":4,"column":46}}}},"statementMap":{"1":{"start":{"line":1,"column":0},"end":{"line":1,"column":37}},"2":{"start":{"line":2,"column":0},"end":{"line":2,"column":47}},"3":{"start":{"line":3,"column":0},"end":{"line":3,"column":41}},"4":{"start":{"line":4,"column":0},"end":{"line":20,"column":2}},"5":{"start":{"line":5,"column":2},"end":{"line":5,"column":22}},"6":{"start":{"line":6,"column":2},"end":{"line":6,"column":33}},"7":{"start":{"line":7,"column":2},"end":{"line":7,"column":30}},"8":{"start":{"line":9,"column":2},"end":{"line":12,"column":5}},"9":{"start":{"line":10,"column":4},"end":{"line":10,"column":16}},"10":{"start":{"line":11,"column":4},"end":{"line":11,"column":21}},"11":{"start":{"line":15,"column":2},"end":{"line":19,"column":5}},"12":{"start":{"line":16,"column":4},"end":{"line":16,"column":16}},"13":{"start":{"line":18,"column":4},"end":{"line":18,"column":21}}},"branchMap":{}},"/Users/kabinaya/Documents/BookManagement/BookManagement/src/config/strategies/local.strategy.js":{"path":"/Users/kabinaya/Documents/BookManagement/BookManagement/src/config/strategies/local.strategy.js","s":{"1":1,"2":1,"3":1,"4":1,"5":1,"6":1,"7":1,"8":0,"9":1,"10":1,"11":1,"12":0,"13":0,"14":0,"15":0,"16":0,"17":0,"18":0,"19":0},"b":{"1":[1,0],"2":[0,0],"3":[0,0]},"f":{"1":1},"fnMap":{"1":{"name":"localStrategy","line":17,"loc":{"start":{"line":17,"column":17},"end":{"line":17,"column":42}}}},"statementMap":{"1":{"start":{"line":1,"column":0},"end":{"line":1,"column":37}},"2":{"start":{"line":2,"column":0},"end":{"line":2,"column":53}},"3":{"start":{"line":3,"column":0},"end":{"line":3,"column":47}},"4":{"start":{"line":4,"column":0},"end":{"line":4,"column":37}},"5":{"start":{"line":5,"column":0},"end":{"line":7,"column":2}},"6":{"start":{"line":8,"column":0},"end":{"line":13,"column":1}},"7":{"start":{"line":9,"column":2},"end":{"line":9,"column":77}},"8":{"start":{"line":12,"column":2},"end":{"line":12,"column":73}},"9":{"start":{"line":15,"column":0},"end":{"line":15,"column":60}},"10":{"start":{"line":17,"column":0},"end":{"line":35,"column":2}},"11":{"start":{"line":18,"column":2},"end":{"line":34,"column":6}},"12":{"start":{"line":22,"column":4},"end":{"line":22,"column":21}},"13":{"start":{"line":23,"column":4},"end":{"line":23,"column":30}},"14":{"start":{"line":24,"column":4},"end":{"line":24,"column":20}},"15":{"start":{"line":25,"column":4},"end":{"line":33,"column":7}},"16":{"start":{"line":26,"column":6},"end":{"line":26,"column":18}},"17":{"start":{"line":27,"column":6},"end":{"line":32,"column":7}},"18":{"start":{"line":28,"column":8},"end":{"line":28,"column":25}},"19":{"start":{"line":31,"column":8},"end":{"line":31,"column":26}}},"branchMap":{"1":{"line":8,"type":"if","locations":[{"start":{"line":8,"column":0},"end":{"line":8,"column":0}},{"start":{"line":8,"column":0},"end":{"line":8,"column":0}}]},"2":{"line":27,"type":"if","locations":[{"start":{"line":27,"column":6},"end":{"line":27,"column":6}},{"start":{"line":27,"column":6},"end":{"line":27,"column":6}}]},"3":{"line":27,"type":"binary-expr","locations":[{"start":{"line":27,"column":10},"end":{"line":27,"column":14}},{"start":{"line":27,"column":18},"end":{"line":27,"column":44}}]}}},"/Users/kabinaya/Documents/BookManagement/BookManagement/src/routes/bookRoutes.js":{"path":"/Users/kabinaya/Documents/BookManagement/BookManagement/src/routes/bookRoutes.js","s":{"1":1,"2":1,"3":1,"4":1,"5":1,"6":1,"7":1,"8":1,"9":1,"10":1,"11":1,"12":1},"b":{},"f":{"1":1},"fnMap":{"1":{"name":"router","line":7,"loc":{"start":{"line":7,"column":0},"end":{"line":7,"column":18}}}},"statementMap":{"1":{"start":{"line":1,"column":0},"end":{"line":1,"column":35}},"2":{"start":{"line":3,"column":0},"end":{"line":3,"column":36}},"3":{"start":{"line":4,"column":0},"end":{"line":4,"column":49}},"4":{"start":{"line":5,"column":0},"end":{"line":5,"column":64}},"5":{"start":{"line":7,"column":0},"end":{"line":21,"column":1}},"6":{"start":{"line":8,"column":2},"end":{"line":8,"column":107}},"7":{"start":{"line":9,"column":2},"end":{"line":9,"column":22}},"8":{"start":{"line":10,"column":2},"end":{"line":12,"column":19}},"9":{"start":{"line":14,"column":2},"end":{"line":14,"column":41}},"10":{"start":{"line":15,"column":2},"end":{"line":19,"column":24}},"11":{"start":{"line":20,"column":2},"end":{"line":20,"column":20}},"12":{"start":{"line":22,"column":0},"end":{"line":22,"column":24}}},"branchMap":{}},"/Users/kabinaya/Documents/BookManagement/BookManagement/src/controllers/bookController.js":{"path":"/Users/kabinaya/Documents/BookManagement/BookManagement/src/controllers/bookController.js","s":{"1":1,"2":1,"3":1,"4":1,"5":1,"6":1,"7":1,"8":1,"9":1,"10":1,"11":3,"12":3,"13":3,"14":3,"15":0,"16":3,"17":3,"18":3,"19":0,"20":0,"21":0,"22":0,"23":0,"24":1,"25":3,"26":3,"27":0,"28":3,"29":1,"30":2,"31":0,"32":0,"33":0,"34":0,"35":0,"36":0,"37":2,"38":1,"39":1,"40":1,"41":1,"42":2,"43":1,"44":1,"45":1,"46":1,"47":1,"48":1,"49":1,"50":1,"51":1,"52":0,"53":1,"54":1,"55":1,"56":1,"57":1,"58":2,"59":1,"60":1,"61":0,"62":1,"63":1,"64":1,"65":1,"66":1,"67":0,"68":1,"69":1,"70":1,"71":1,"72":1,"73":0,"74":1,"75":1,"76":0,"77":1,"78":1,"79":2,"80":2,"81":2,"82":2,"83":2,"84":0,"85":2,"86":2,"87":4,"88":2,"89":2,"90":2,"91":2,"92":1,"93":1,"94":2,"95":1},"b":{"1":[3,0],"2":[3,3],"3":[0,3],"4":[3,0],"5":[0,0],"6":[0,3],"7":[1,2],"8":[0,2],"9":[0,0],"10":[1,1],"11":[0,1],"12":[1,0],"13":[0,1],"14":[0,1],"15":[0,1],"16":[0,1],"17":[0,2],"18":[2,2],"19":[1,1]},"f":{"1":2,"2":3,"3":3,"4":3,"5":3,"6":3,"7":1,"8":2,"9":1,"10":1,"11":1},"fnMap":{"1":{"name":"bookController","line":14,"loc":{"start":{"line":14,"column":0},"end":{"line":14,"column":26}}},"2":{"name":"middleware","line":15,"loc":{"start":{"line":15,"column":2},"end":{"line":15,"column":38}}},"3":{"name":"(anonymous_3)","line":16,"loc":{"start":{"line":16,"column":48},"end":{"line":16,"column":69}}},"4":{"name":"(anonymous_4)","line":18,"loc":{"start":{"line":18,"column":55},"end":{"line":18,"column":72}}},"5":{"name":"getAll","line":46,"loc":{"start":{"line":46,"column":2},"end":{"line":46,"column":28}}},"6":{"name":"(anonymous_6)","line":47,"loc":{"start":{"line":47,"column":43},"end":{"line":47,"column":62}}},"7":{"name":"getById","line":111,"loc":{"start":{"line":111,"column":2},"end":{"line":111,"column":29}}},"8":{"name":"addNewBook","line":124,"loc":{"start":{"line":124,"column":2},"end":{"line":124,"column":32}}},"9":{"name":"updateOneBook","line":143,"loc":{"start":{"line":143,"column":2},"end":{"line":143,"column":35}}},"10":{"name":"deleteBook","line":160,"loc":{"start":{"line":160,"column":2},"end":{"line":160,"column":32}}},"11":{"name":"postNew","line":170,"loc":{"start":{"line":170,"column":2},"end":{"line":170,"column":29}}}},"statementMap":{"1":{"start":{"line":2,"column":0},"end":{"line":2,"column":48}},"2":{"start":{"line":3,"column":0},"end":{"line":3,"column":53}},"3":{"start":{"line":4,"column":0},"end":{"line":4,"column":50}},"4":{"start":{"line":5,"column":0},"end":{"line":5,"column":53}},"5":{"start":{"line":6,"column":0},"end":{"line":6,"column":56}},"6":{"start":{"line":8,"column":0},"end":{"line":8,"column":50}},"7":{"start":{"line":9,"column":0},"end":{"line":11,"column":2}},"8":{"start":{"line":13,"column":0},"end":{"line":13,"column":49}},"9":{"start":{"line":14,"column":0},"end":{"line":228,"column":1}},"10":{"start":{"line":15,"column":2},"end":{"line":45,"column":3}},"11":{"start":{"line":16,"column":4},"end":{"line":44,"column":7}},"12":{"start":{"line":17,"column":6},"end":{"line":43,"column":7}},"13":{"start":{"line":18,"column":8},"end":{"line":39,"column":11}},"14":{"start":{"line":19,"column":10},"end":{"line":38,"column":11}},"15":{"start":{"line":20,"column":12},"end":{"line":20,"column":60}},"16":{"start":{"line":23,"column":12},"end":{"line":23,"column":35}},"17":{"start":{"line":24,"column":12},"end":{"line":37,"column":13}},"18":{"start":{"line":25,"column":14},"end":{"line":25,"column":21}},"19":{"start":{"line":28,"column":14},"end":{"line":36,"column":15}},"20":{"start":{"line":29,"column":16},"end":{"line":35,"column":19}},"21":{"start":{"line":33,"column":18},"end":{"line":33,"column":41}},"22":{"start":{"line":34,"column":18},"end":{"line":34,"column":25}},"23":{"start":{"line":42,"column":8},"end":{"line":42,"column":64}},"24":{"start":{"line":46,"column":2},"end":{"line":110,"column":3}},"25":{"start":{"line":47,"column":4},"end":{"line":108,"column":7}},"26":{"start":{"line":48,"column":6},"end":{"line":107,"column":7}},"27":{"start":{"line":49,"column":8},"end":{"line":49,"column":56}},"28":{"start":{"line":51,"column":11},"end":{"line":107,"column":7}},"29":{"start":{"line":52,"column":8},"end":{"line":63,"column":10}},"30":{"start":{"line":66,"column":8},"end":{"line":105,"column":9}},"31":{"start":{"line":67,"column":10},"end":{"line":67,"column":29}},"32":{"start":{"line":68,"column":10},"end":{"line":70,"column":11}},"33":{"start":{"line":69,"column":12},"end":{"line":69,"column":26}},"34":{"start":{"line":72,"column":10},"end":{"line":90,"column":13}},"35":{"start":{"line":77,"column":12},"end":{"line":77,"column":28}},"36":{"start":{"line":78,"column":12},"end":{"line":89,"column":14}},"37":{"start":{"line":93,"column":10},"end":{"line":104,"column":12}},"38":{"start":{"line":111,"column":2},"end":{"line":123,"column":3}},"39":{"start":{"line":112,"column":4},"end":{"line":112,"column":20}},"40":{"start":{"line":113,"column":4},"end":{"line":122,"column":6}},"41":{"start":{"line":124,"column":2},"end":{"line":142,"column":3}},"42":{"start":{"line":125,"column":4},"end":{"line":128,"column":5}},"43":{"start":{"line":126,"column":6},"end":{"line":126,"column":41}},"44":{"start":{"line":127,"column":6},"end":{"line":127,"column":47}},"45":{"start":{"line":129,"column":4},"end":{"line":129,"column":36}},"46":{"start":{"line":130,"column":4},"end":{"line":130,"column":38}},"47":{"start":{"line":131,"column":4},"end":{"line":131,"column":36}},"48":{"start":{"line":132,"column":4},"end":{"line":132,"column":48}},"49":{"start":{"line":133,"column":4},"end":{"line":133,"column":42}},"50":{"start":{"line":134,"column":4},"end":{"line":141,"column":7}},"51":{"start":{"line":135,"column":6},"end":{"line":140,"column":7}},"52":{"start":{"line":136,"column":8},"end":{"line":136,"column":58}},"53":{"start":{"line":139,"column":8},"end":{"line":139,"column":51}},"54":{"start":{"line":143,"column":2},"end":{"line":159,"column":3}},"55":{"start":{"line":144,"column":4},"end":{"line":146,"column":5}},"56":{"start":{"line":145,"column":6},"end":{"line":145,"column":26}},"57":{"start":{"line":147,"column":4},"end":{"line":149,"column":5}},"58":{"start":{"line":148,"column":6},"end":{"line":148,"column":46}},"59":{"start":{"line":150,"column":4},"end":{"line":158,"column":7}},"60":{"start":{"line":151,"column":6},"end":{"line":157,"column":7}},"61":{"start":{"line":152,"column":8},"end":{"line":152,"column":50}},"62":{"start":{"line":155,"column":8},"end":{"line":155,"column":39}},"63":{"start":{"line":156,"column":8},"end":{"line":156,"column":31}},"64":{"start":{"line":160,"column":2},"end":{"line":169,"column":3}},"65":{"start":{"line":161,"column":4},"end":{"line":168,"column":7}},"66":{"start":{"line":162,"column":6},"end":{"line":167,"column":7}},"67":{"start":{"line":163,"column":8},"end":{"line":163,"column":63}},"68":{"start":{"line":166,"column":8},"end":{"line":166,"column":49}},"69":{"start":{"line":170,"column":2},"end":{"line":187,"column":3}},"70":{"start":{"line":171,"column":4},"end":{"line":171,"column":20}},"71":{"start":{"line":172,"column":4},"end":{"line":172,"column":39}},"72":{"start":{"line":173,"column":4},"end":{"line":186,"column":5}},"73":{"start":{"line":174,"column":6},"end":{"line":174,"column":71}},"74":{"start":{"line":177,"column":6},"end":{"line":185,"column":9}},"75":{"start":{"line":178,"column":8},"end":{"line":184,"column":9}},"76":{"start":{"line":179,"column":10},"end":{"line":179,"column":52}},"77":{"start":{"line":182,"column":10},"end":{"line":182,"column":41}},"78":{"start":{"line":183,"column":10},"end":{"line":183,"column":33}},"79":{"start":{"line":188,"column":2},"end":{"line":216,"column":4}},"80":{"start":{"line":189,"column":4},"end":{"line":215,"column":7}},"81":{"start":{"line":190,"column":6},"end":{"line":190,"column":63}},"82":{"start":{"line":191,"column":6},"end":{"line":214,"column":9}},"83":{"start":{"line":192,"column":8},"end":{"line":213,"column":9}},"84":{"start":{"line":193,"column":10},"end":{"line":193,"column":38}},"85":{"start":{"line":196,"column":10},"end":{"line":196,"column":29}},"86":{"start":{"line":197,"column":10},"end":{"line":205,"column":13}},"87":{"start":{"line":198,"column":12},"end":{"line":204,"column":13}},"88":{"start":{"line":199,"column":14},"end":{"line":199,"column":42}},"89":{"start":{"line":200,"column":14},"end":{"line":200,"column":35}},"90":{"start":{"line":203,"column":14},"end":{"line":203,"column":43}},"91":{"start":{"line":206,"column":10},"end":{"line":211,"column":11}},"92":{"start":{"line":207,"column":12},"end":{"line":207,"column":31}},"93":{"start":{"line":210,"column":12},"end":{"line":210,"column":34}},"94":{"start":{"line":218,"column":2},"end":{"line":227,"column":4}},"95":{"start":{"line":230,"column":0},"end":{"line":230,"column":32}}},"branchMap":{"1":{"line":17,"type":"if","locations":[{"start":{"line":17,"column":6},"end":{"line":17,"column":6}},{"start":{"line":17,"column":6},"end":{"line":17,"column":6}}]},"2":{"line":17,"type":"binary-expr","locations":[{"start":{"line":17,"column":10},"end":{"line":17,"column":27}},{"start":{"line":17,"column":31},"end":{"line":17,"column":52}}]},"3":{"line":19,"type":"if","locations":[{"start":{"line":19,"column":10},"end":{"line":19,"column":10}},{"start":{"line":19,"column":10},"end":{"line":19,"column":10}}]},"4":{"line":24,"type":"if","locations":[{"start":{"line":24,"column":12},"end":{"line":24,"column":12}},{"start":{"line":24,"column":12},"end":{"line":24,"column":12}}]},"5":{"line":28,"type":"if","locations":[{"start":{"line":28,"column":14},"end":{"line":28,"column":14}},{"start":{"line":28,"column":14},"end":{"line":28,"column":14}}]},"6":{"line":48,"type":"if","locations":[{"start":{"line":48,"column":6},"end":{"line":48,"column":6}},{"start":{"line":48,"column":6},"end":{"line":48,"column":6}}]},"7":{"line":51,"type":"if","locations":[{"start":{"line":51,"column":11},"end":{"line":51,"column":11}},{"start":{"line":51,"column":11},"end":{"line":51,"column":11}}]},"8":{"line":66,"type":"if","locations":[{"start":{"line":66,"column":8},"end":{"line":66,"column":8}},{"start":{"line":66,"column":8},"end":{"line":66,"column":8}}]},"9":{"line":68,"type":"if","locations":[{"start":{"line":68,"column":10},"end":{"line":68,"column":10}},{"start":{"line":68,"column":10},"end":{"line":68,"column":10}}]},"10":{"line":125,"type":"if","locations":[{"start":{"line":125,"column":4},"end":{"line":125,"column":4}},{"start":{"line":125,"column":4},"end":{"line":125,"column":4}}]},"11":{"line":135,"type":"if","locations":[{"start":{"line":135,"column":6},"end":{"line":135,"column":6}},{"start":{"line":135,"column":6},"end":{"line":135,"column":6}}]},"12":{"line":144,"type":"if","locations":[{"start":{"line":144,"column":4},"end":{"line":144,"column":4}},{"start":{"line":144,"column":4},"end":{"line":144,"column":4}}]},"13":{"line":151,"type":"if","locations":[{"start":{"line":151,"column":6},"end":{"line":151,"column":6}},{"start":{"line":151,"column":6},"end":{"line":151,"column":6}}]},"14":{"line":162,"type":"if","locations":[{"start":{"line":162,"column":6},"end":{"line":162,"column":6}},{"start":{"line":162,"column":6},"end":{"line":162,"column":6}}]},"15":{"line":173,"type":"if","locations":[{"start":{"line":173,"column":4},"end":{"line":173,"column":4}},{"start":{"line":173,"column":4},"end":{"line":173,"column":4}}]},"16":{"line":178,"type":"if","locations":[{"start":{"line":178,"column":8},"end":{"line":178,"column":8}},{"start":{"line":178,"column":8},"end":{"line":178,"column":8}}]},"17":{"line":192,"type":"if","locations":[{"start":{"line":192,"column":8},"end":{"line":192,"column":8}},{"start":{"line":192,"column":8},"end":{"line":192,"column":8}}]},"18":{"line":198,"type":"if","locations":[{"start":{"line":198,"column":12},"end":{"line":198,"column":12}},{"start":{"line":198,"column":12},"end":{"line":198,"column":12}}]},"19":{"line":206,"type":"if","locations":[{"start":{"line":206,"column":10},"end":{"line":206,"column":10}},{"start":{"line":206,"column":10},"end":{"line":206,"column":10}}]}}},"/Users/kabinaya/Documents/BookManagement/BookManagement/src/controllers/bookPersistence.js":{"path":"/Users/kabinaya/Documents/BookManagement/BookManagement/src/controllers/bookPersistence.js","s":{"1":1,"2":1,"3":1,"4":1,"5":1,"6":1,"7":7,"8":7,"9":7,"10":7,"11":0,"12":7,"13":7,"14":0,"15":0,"16":6,"17":6,"18":6,"19":6,"20":6,"21":6,"22":0,"23":6,"24":4,"25":6,"26":0,"27":6,"28":6,"29":4,"30":2,"31":4,"32":4,"33":4,"34":0,"35":4},"b":{"1":[7,0],"2":[7,0],"3":[0,7],"4":[7,0],"5":[6,0],"6":[0,6],"7":[4,2],"8":[0,6],"9":[4,2],"10":[4,2],"11":[0,4]},"f":{},"fnMap":{},"statementMap":{"1":{"start":{"line":1,"column":0},"end":{"line":1,"column":48}},"2":{"start":{"line":2,"column":0},"end":{"line":2,"column":54}},"3":{"start":{"line":3,"column":0},"end":{"line":3,"column":50}},"4":{"start":{"line":4,"column":0},"end":{"line":4,"column":31}},"5":{"start":{"line":5,"column":0},"end":{"line":5,"column":50}},"6":{"start":{"line":7,"column":0},"end":{"line":92,"column":2}},"7":{"start":{"line":9,"column":4},"end":{"line":9,"column":38}},"8":{"start":{"line":10,"column":4},"end":{"line":37,"column":5}},"9":{"start":{"line":11,"column":6},"end":{"line":30,"column":9}},"10":{"start":{"line":12,"column":8},"end":{"line":29,"column":9}},"11":{"start":{"line":13,"column":10},"end":{"line":16,"column":13}},"12":{"start":{"line":18,"column":13},"end":{"line":29,"column":9}},"13":{"start":{"line":19,"column":10},"end":{"line":22,"column":13}},"14":{"start":{"line":25,"column":10},"end":{"line":28,"column":13}},"15":{"start":{"line":33,"column":6},"end":{"line":36,"column":9}},"16":{"start":{"line":41,"column":4},"end":{"line":41,"column":23}},"17":{"start":{"line":42,"column":4},"end":{"line":42,"column":38}},"18":{"start":{"line":43,"column":4},"end":{"line":43,"column":40}},"19":{"start":{"line":44,"column":4},"end":{"line":44,"column":19}},"20":{"start":{"line":45,"column":4},"end":{"line":48,"column":6}},"21":{"start":{"line":49,"column":4},"end":{"line":51,"column":5}},"22":{"start":{"line":50,"column":6},"end":{"line":50,"column":38}},"23":{"start":{"line":52,"column":4},"end":{"line":54,"column":5}},"24":{"start":{"line":53,"column":6},"end":{"line":53,"column":37}},"25":{"start":{"line":55,"column":4},"end":{"line":57,"column":5}},"26":{"start":{"line":56,"column":6},"end":{"line":56,"column":37}},"27":{"start":{"line":58,"column":4},"end":{"line":73,"column":7}},"28":{"start":{"line":59,"column":6},"end":{"line":71,"column":7}},"29":{"start":{"line":60,"column":8},"end":{"line":63,"column":11}},"30":{"start":{"line":66,"column":8},"end":{"line":69,"column":11}},"31":{"start":{"line":76,"column":4},"end":{"line":76,"column":58}},"32":{"start":{"line":77,"column":4},"end":{"line":90,"column":7}},"33":{"start":{"line":78,"column":6},"end":{"line":89,"column":7}},"34":{"start":{"line":79,"column":8},"end":{"line":82,"column":11}},"35":{"start":{"line":85,"column":8},"end":{"line":88,"column":11}}},"branchMap":{"1":{"line":9,"type":"binary-expr","locations":[{"start":{"line":9,"column":15},"end":{"line":9,"column":23}},{"start":{"line":9,"column":28},"end":{"line":9,"column":36}}]},"2":{"line":10,"type":"if","locations":[{"start":{"line":10,"column":4},"end":{"line":10,"column":4}},{"start":{"line":10,"column":4},"end":{"line":10,"column":4}}]},"3":{"line":12,"type":"if","locations":[{"start":{"line":12,"column":8},"end":{"line":12,"column":8}},{"start":{"line":12,"column":8},"end":{"line":12,"column":8}}]},"4":{"line":18,"type":"if","locations":[{"start":{"line":18,"column":13},"end":{"line":18,"column":13}},{"start":{"line":18,"column":13},"end":{"line":18,"column":13}}]},"5":{"line":42,"type":"binary-expr","locations":[{"start":{"line":42,"column":15},"end":{"line":42,"column":23}},{"start":{"line":42,"column":28},"end":{"line":42,"column":36}}]},"6":{"line":49,"type":"if","locations":[{"start":{"line":49,"column":4},"end":{"line":49,"column":4}},{"start":{"line":49,"column":4},"end":{"line":49,"column":4}}]},"7":{"line":52,"type":"if","locations":[{"start":{"line":52,"column":4},"end":{"line":52,"column":4}},{"start":{"line":52,"column":4},"end":{"line":52,"column":4}}]},"8":{"line":55,"type":"if","locations":[{"start":{"line":55,"column":4},"end":{"line":55,"column":4}},{"start":{"line":55,"column":4},"end":{"line":55,"column":4}}]},"9":{"line":59,"type":"if","locations":[{"start":{"line":59,"column":6},"end":{"line":59,"column":6}},{"start":{"line":59,"column":6},"end":{"line":59,"column":6}}]},"10":{"line":76,"type":"binary-expr","locations":[{"start":{"line":76,"column":20},"end":{"line":76,"column":33}},{"start":{"line":76,"column":37},"end":{"line":76,"column":57}}]},"11":{"line":78,"type":"if","locations":[{"start":{"line":78,"column":6},"end":{"line":78,"column":6}},{"start":{"line":78,"column":6},"end":{"line":78,"column":6}}]}}},"/Users/kabinaya/Documents/BookManagement/BookManagement/models/bookModel.js":{"path":"/Users/kabinaya/Documents/BookManagement/BookManagement/models/bookModel.js","s":{"1":1,"2":1,"3":1,"4":1,"5":13,"6":1},"b":{},"f":{"1":13},"fnMap":{"1":{"name":"(anonymous_1)","line":13,"loc":{"start":{"line":13,"column":15},"end":{"line":13,"column":26}}}},"statementMap":{"1":{"start":{"line":1,"column":0},"end":{"line":1,"column":37}},"2":{"start":{"line":3,"column":0},"end":{"line":3,"column":29}},"3":{"start":{"line":4,"column":0},"end":{"line":4,"column":31}},"4":{"start":{"line":6,"column":0},"end":{"line":18,"column":3}},"5":{"start":{"line":14,"column":6},"end":{"line":14,"column":34}},"6":{"start":{"line":20,"column":0},"end":{"line":20,"column":51}}},"branchMap":{}},"/Users/kabinaya/Documents/BookManagement/BookManagement/src/validator/bookValidator.js":{"path":"/Users/kabinaya/Documents/BookManagement/BookManagement/src/validator/bookValidator.js","s":{"1":1,"2":1,"3":1,"4":7,"5":7,"6":7,"7":0},"b":{"1":[7,0],"2":[7,0]},"f":{},"fnMap":{},"statementMap":{"1":{"start":{"line":1,"column":0},"end":{"line":1,"column":39}},"2":{"start":{"line":2,"column":0},"end":{"line":2,"column":50}},"3":{"start":{"line":4,"column":0},"end":{"line":19,"column":2}},"4":{"start":{"line":6,"column":4},"end":{"line":6,"column":38}},"5":{"start":{"line":7,"column":4},"end":{"line":17,"column":5}},"6":{"start":{"line":8,"column":6},"end":{"line":11,"column":9}},"7":{"start":{"line":14,"column":6},"end":{"line":16,"column":9}}},"branchMap":{"1":{"line":6,"type":"binary-expr","locations":[{"start":{"line":6,"column":15},"end":{"line":6,"column":23}},{"start":{"line":6,"column":28},"end":{"line":6,"column":36}}]},"2":{"line":7,"type":"if","locations":[{"start":{"line":7,"column":4},"end":{"line":7,"column":4}},{"start":{"line":7,"column":4},"end":{"line":7,"column":4}}]}}},"/Users/kabinaya/Documents/BookManagement/BookManagement/src/config/genrelist.js":{"path":"/Users/kabinaya/Documents/BookManagement/BookManagement/src/config/genrelist.js","s":{"1":1,"2":1},"b":{},"f":{},"fnMap":{},"statementMap":{"1":{"start":{"line":1,"column":0},"end":{"line":8,"column":2}},"2":{"start":{"line":10,"column":0},"end":{"line":10,"column":27}}},"branchMap":{}},"/Users/kabinaya/Documents/BookManagement/BookManagement/src/routes/authRoutes.js":{"path":"/Users/kabinaya/Documents/BookManagement/BookManagement/src/routes/authRoutes.js","s":{"1":1,"2":1,"3":1,"4":1,"5":1,"6":1,"7":1,"8":1,"9":1,"10":0,"11":0,"12":1,"13":1,"14":1},"b":{},"f":{"1":1,"2":0,"3":0},"fnMap":{"1":{"name":"router","line":7,"loc":{"start":{"line":7,"column":0},"end":{"line":7,"column":18}}},"2":{"name":"(anonymous_2)","line":15,"loc":{"start":{"line":15,"column":9},"end":{"line":15,"column":28}}},"3":{"name":"(anonymous_3)","line":16,"loc":{"start":{"line":16,"column":26},"end":{"line":16,"column":38}}}},"statementMap":{"1":{"start":{"line":1,"column":0},"end":{"line":1,"column":35}},"2":{"start":{"line":2,"column":0},"end":{"line":2,"column":49}},"3":{"start":{"line":3,"column":0},"end":{"line":3,"column":64}},"4":{"start":{"line":5,"column":0},"end":{"line":5,"column":97}},"5":{"start":{"line":6,"column":0},"end":{"line":6,"column":36}},"6":{"start":{"line":7,"column":0},"end":{"line":23,"column":1}},"7":{"start":{"line":8,"column":2},"end":{"line":10,"column":22}},"8":{"start":{"line":11,"column":2},"end":{"line":13,"column":28}},"9":{"start":{"line":14,"column":2},"end":{"line":19,"column":7}},"10":{"start":{"line":16,"column":6},"end":{"line":18,"column":9}},"11":{"start":{"line":17,"column":8},"end":{"line":17,"column":26}},"12":{"start":{"line":20,"column":2},"end":{"line":21,"column":25}},"13":{"start":{"line":22,"column":2},"end":{"line":22,"column":20}},"14":{"start":{"line":25,"column":0},"end":{"line":25,"column":24}}},"branchMap":{}},"/Users/kabinaya/Documents/BookManagement/BookManagement/src/routes/bookAPIRoutes.js":{"path":"/Users/kabinaya/Documents/BookManagement/BookManagement/src/routes/bookAPIRoutes.js","s":{"1":1,"2":1,"3":1,"4":1,"5":1,"6":1,"7":1,"8":1,"9":1,"10":1,"11":1,"12":1},"b":{},"f":{"1":1},"fnMap":{"1":{"name":"router","line":7,"loc":{"start":{"line":7,"column":0},"end":{"line":7,"column":18}}}},"statementMap":{"1":{"start":{"line":1,"column":0},"end":{"line":1,"column":35}},"2":{"start":{"line":3,"column":0},"end":{"line":3,"column":36}},"3":{"start":{"line":4,"column":0},"end":{"line":4,"column":52}},"4":{"start":{"line":5,"column":0},"end":{"line":5,"column":70}},"5":{"start":{"line":7,"column":0},"end":{"line":21,"column":1}},"6":{"start":{"line":8,"column":2},"end":{"line":8,"column":110}},"7":{"start":{"line":9,"column":2},"end":{"line":9,"column":22}},"8":{"start":{"line":10,"column":2},"end":{"line":12,"column":19}},"9":{"start":{"line":14,"column":2},"end":{"line":14,"column":41}},"10":{"start":{"line":15,"column":2},"end":{"line":19,"column":24}},"11":{"start":{"line":20,"column":2},"end":{"line":20,"column":20}},"12":{"start":{"line":22,"column":0},"end":{"line":22,"column":24}}},"branchMap":{}},"/Users/kabinaya/Documents/BookManagement/BookManagement/src/controllers/bookAPIController.js":{"path":"/Users/kabinaya/Documents/BookManagement/BookManagement/src/controllers/bookAPIController.js","s":{"1":1,"2":1,"3":1,"4":1,"5":1,"6":1,"7":1,"8":1,"9":4,"10":4,"11":4,"12":4,"13":0,"14":4,"15":4,"16":0,"17":1,"18":3,"19":3,"20":0,"21":3,"22":1,"23":2,"24":1,"25":1,"26":1,"27":1,"28":1,"29":0,"30":0,"31":1,"32":1,"33":1,"34":1,"35":1,"36":1,"37":1,"38":0,"39":1,"40":1,"41":1,"42":0,"43":1,"44":3,"45":1,"46":1,"47":1,"48":0,"49":1,"50":1,"51":1,"52":1,"53":1,"54":0,"55":1,"56":1,"57":2,"58":2,"59":1,"60":1,"61":1,"62":0,"63":1,"64":1,"65":1},"b":{"1":[4,0],"2":[4,4],"3":[0,4],"4":[0,3],"5":[1,2],"6":[0,1],"7":[0,1],"8":[0,1],"9":[0,1],"10":[0,1],"11":[1,1],"12":[0,1]},"f":{"1":1,"2":4,"3":4,"4":4,"5":3,"6":3,"7":1,"8":1,"9":1,"10":1,"11":2},"fnMap":{"1":{"name":"bookAPIController","line":8,"loc":{"start":{"line":8,"column":0},"end":{"line":8,"column":29}}},"2":{"name":"middleware","line":9,"loc":{"start":{"line":9,"column":2},"end":{"line":9,"column":38}}},"3":{"name":"(anonymous_3)","line":10,"loc":{"start":{"line":10,"column":48},"end":{"line":10,"column":69}}},"4":{"name":"(anonymous_4)","line":12,"loc":{"start":{"line":12,"column":55},"end":{"line":12,"column":72}}},"5":{"name":"getAll","line":27,"loc":{"start":{"line":27,"column":2},"end":{"line":27,"column":28}}},"6":{"name":"(anonymous_6)","line":28,"loc":{"start":{"line":28,"column":43},"end":{"line":28,"column":62}}},"7":{"name":"getById","line":41,"loc":{"start":{"line":41,"column":2},"end":{"line":41,"column":29}}},"8":{"name":"addNewBook","line":45,"loc":{"start":{"line":45,"column":2},"end":{"line":45,"column":32}}},"9":{"name":"updateOneBook","line":64,"loc":{"start":{"line":64,"column":2},"end":{"line":64,"column":35}}},"10":{"name":"deleteBook","line":82,"loc":{"start":{"line":82,"column":2},"end":{"line":82,"column":32}}},"11":{"name":"postNew","line":92,"loc":{"start":{"line":92,"column":2},"end":{"line":92,"column":29}}}},"statementMap":{"1":{"start":{"line":1,"column":0},"end":{"line":1,"column":48}},"2":{"start":{"line":2,"column":0},"end":{"line":2,"column":53}},"3":{"start":{"line":3,"column":0},"end":{"line":3,"column":50}},"4":{"start":{"line":4,"column":0},"end":{"line":4,"column":53}},"5":{"start":{"line":5,"column":0},"end":{"line":5,"column":50}},"6":{"start":{"line":6,"column":0},"end":{"line":6,"column":56}},"7":{"start":{"line":8,"column":0},"end":{"line":118,"column":1}},"8":{"start":{"line":9,"column":2},"end":{"line":26,"column":3}},"9":{"start":{"line":10,"column":4},"end":{"line":25,"column":7}},"10":{"start":{"line":11,"column":6},"end":{"line":24,"column":7}},"11":{"start":{"line":12,"column":8},"end":{"line":20,"column":11}},"12":{"start":{"line":13,"column":10},"end":{"line":19,"column":11}},"13":{"start":{"line":14,"column":12},"end":{"line":14,"column":60}},"14":{"start":{"line":17,"column":12},"end":{"line":17,"column":35}},"15":{"start":{"line":18,"column":12},"end":{"line":18,"column":19}},"16":{"start":{"line":23,"column":8},"end":{"line":23,"column":64}},"17":{"start":{"line":27,"column":2},"end":{"line":40,"column":3}},"18":{"start":{"line":28,"column":4},"end":{"line":38,"column":7}},"19":{"start":{"line":29,"column":6},"end":{"line":37,"column":7}},"20":{"start":{"line":30,"column":8},"end":{"line":30,"column":56}},"21":{"start":{"line":32,"column":11},"end":{"line":37,"column":7}},"22":{"start":{"line":33,"column":8},"end":{"line":33,"column":48}},"23":{"start":{"line":36,"column":8},"end":{"line":36,"column":53}},"24":{"start":{"line":41,"column":2},"end":{"line":44,"column":3}},"25":{"start":{"line":42,"column":4},"end":{"line":42,"column":20}},"26":{"start":{"line":43,"column":4},"end":{"line":43,"column":41}},"27":{"start":{"line":45,"column":2},"end":{"line":63,"column":3}},"28":{"start":{"line":46,"column":4},"end":{"line":49,"column":5}},"29":{"start":{"line":47,"column":6},"end":{"line":47,"column":41}},"30":{"start":{"line":48,"column":6},"end":{"line":48,"column":47}},"31":{"start":{"line":50,"column":4},"end":{"line":50,"column":36}},"32":{"start":{"line":51,"column":4},"end":{"line":51,"column":38}},"33":{"start":{"line":52,"column":4},"end":{"line":52,"column":36}},"34":{"start":{"line":53,"column":4},"end":{"line":53,"column":48}},"35":{"start":{"line":54,"column":4},"end":{"line":54,"column":42}},"36":{"start":{"line":55,"column":4},"end":{"line":62,"column":7}},"37":{"start":{"line":56,"column":6},"end":{"line":61,"column":7}},"38":{"start":{"line":57,"column":8},"end":{"line":57,"column":58}},"39":{"start":{"line":60,"column":8},"end":{"line":60,"column":53}},"40":{"start":{"line":64,"column":2},"end":{"line":81,"column":3}},"41":{"start":{"line":65,"column":4},"end":{"line":67,"column":5}},"42":{"start":{"line":66,"column":6},"end":{"line":66,"column":26}},"43":{"start":{"line":68,"column":4},"end":{"line":70,"column":5}},"44":{"start":{"line":69,"column":6},"end":{"line":69,"column":46}},"45":{"start":{"line":71,"column":4},"end":{"line":80,"column":7}},"46":{"start":{"line":72,"column":6},"end":{"line":72,"column":23}},"47":{"start":{"line":73,"column":6},"end":{"line":79,"column":7}},"48":{"start":{"line":74,"column":8},"end":{"line":74,"column":86}},"49":{"start":{"line":77,"column":8},"end":{"line":77,"column":39}},"50":{"start":{"line":78,"column":8},"end":{"line":78,"column":27}},"51":{"start":{"line":82,"column":2},"end":{"line":91,"column":3}},"52":{"start":{"line":83,"column":4},"end":{"line":90,"column":7}},"53":{"start":{"line":84,"column":6},"end":{"line":89,"column":7}},"54":{"start":{"line":85,"column":8},"end":{"line":85,"column":63}},"55":{"start":{"line":88,"column":8},"end":{"line":88,"column":49}},"56":{"start":{"line":92,"column":2},"end":{"line":107,"column":3}},"57":{"start":{"line":93,"column":4},"end":{"line":93,"column":39}},"58":{"start":{"line":94,"column":4},"end":{"line":106,"column":5}},"59":{"start":{"line":95,"column":6},"end":{"line":95,"column":71}},"60":{"start":{"line":98,"column":6},"end":{"line":105,"column":9}},"61":{"start":{"line":99,"column":8},"end":{"line":104,"column":9}},"62":{"start":{"line":100,"column":10},"end":{"line":100,"column":88}},"63":{"start":{"line":103,"column":10},"end":{"line":103,"column":52}},"64":{"start":{"line":109,"column":2},"end":{"line":117,"column":4}},"65":{"start":{"line":120,"column":0},"end":{"line":120,"column":35}}},"branchMap":{"1":{"line":11,"type":"if","locations":[{"start":{"line":11,"column":6},"end":{"line":11,"column":6}},{"start":{"line":11,"column":6},"end":{"line":11,"column":6}}]},"2":{"line":11,"type":"binary-expr","locations":[{"start":{"line":11,"column":10},"end":{"line":11,"column":27}},{"start":{"line":11,"column":31},"end":{"line":11,"column":52}}]},"3":{"line":13,"type":"if","locations":[{"start":{"line":13,"column":10},"end":{"line":13,"column":10}},{"start":{"line":13,"column":10},"end":{"line":13,"column":10}}]},"4":{"line":29,"type":"if","locations":[{"start":{"line":29,"column":6},"end":{"line":29,"column":6}},{"start":{"line":29,"column":6},"end":{"line":29,"column":6}}]},"5":{"line":32,"type":"if","locations":[{"start":{"line":32,"column":11},"end":{"line":32,"column":11}},{"start":{"line":32,"column":11},"end":{"line":32,"column":11}}]},"6":{"line":46,"type":"if","locations":[{"start":{"line":46,"column":4},"end":{"line":46,"column":4}},{"start":{"line":46,"column":4},"end":{"line":46,"column":4}}]},"7":{"line":56,"type":"if","locations":[{"start":{"line":56,"column":6},"end":{"line":56,"column":6}},{"start":{"line":56,"column":6},"end":{"line":56,"column":6}}]},"8":{"line":65,"type":"if","locations":[{"start":{"line":65,"column":4},"end":{"line":65,"column":4}},{"start":{"line":65,"column":4},"end":{"line":65,"column":4}}]},"9":{"line":73,"type":"if","locations":[{"start":{"line":73,"column":6},"end":{"line":73,"column":6}},{"start":{"line":73,"column":6},"end":{"line":73,"column":6}}]},"10":{"line":84,"type":"if","locations":[{"start":{"line":84,"column":6},"end":{"line":84,"column":6}},{"start":{"line":84,"column":6},"end":{"line":84,"column":6}}]},"11":{"line":94,"type":"if","locations":[{"start":{"line":94,"column":4},"end":{"line":94,"column":4}},{"start":{"line":94,"column":4},"end":{"line":94,"column":4}}]},"12":{"line":99,"type":"if","locations":[{"start":{"line":99,"column":8},"end":{"line":99,"column":8}},{"start":{"line":99,"column":8},"end":{"line":99,"column":8}}]}}}}