TN:
SF:/Users/kabinaya/Documents/BookManagement/BookManagement/src/config/errorcodes.js
FNF:0
FNH:0
DA:1,1
LF:1
LH:1
BRF:0
BRH:0
end_of_record
TN:
SF:/Users/kabinaya/Documents/BookManagement/BookManagement/models/libraryUserModel.js
FNF:0
FNH:0
DA:1,1
DA:3,1
DA:5,1
DA:14,1
LF:4
LH:4
BRF:0
BRH:0
end_of_record
TN:
SF:/Users/kabinaya/Documents/BookManagement/BookManagement/src/controllers/authController.js
FN:6,authController
FN:7,signUpPage
FN:18,addNewUser
FN:40,signInPage
FN:48,authenticateUser
FN:66,addbooktouser
FNF:6
FNH:6
FNDA:2,authController
FNDA:1,signUpPage
FNDA:2,addNewUser
FNDA:1,signInPage
FNDA:2,authenticateUser
FNDA:5,addbooktouser
DA:1,1
DA:2,1
DA:3,1
DA:4,1
DA:6,1
DA:7,1
DA:8,1
DA:18,1
DA:19,2
DA:20,2
DA:21,2
DA:22,1
DA:25,1
DA:26,1
DA:27,1
DA:28,1
DA:31,0
DA:32,0
DA:40,1
DA:41,1
DA:48,1
DA:49,2
DA:50,2
DA:51,2
DA:52,2
DA:53,1
DA:54,0
DA:62,1
DA:66,1
DA:67,5
DA:68,1
DA:69,1
DA:71,4
DA:72,3
DA:73,3
DA:74,3
DA:75,1
DA:76,1
DA:77,1
DA:80,2
DA:81,2
DA:82,2
DA:83,2
DA:84,1
DA:85,1
DA:86,1
DA:89,1
DA:90,1
DA:95,0
DA:102,1
DA:103,1
DA:107,2
DA:116,1
LF:53
LH:49
BRDA:21,1,0,1
BRDA:21,1,1,1
BRDA:27,2,0,1
BRDA:27,2,1,0
BRDA:52,3,0,1
BRDA:52,3,1,1
BRDA:52,4,0,2
BRDA:52,4,1,2
BRDA:67,5,0,1
BRDA:67,5,1,4
BRDA:71,6,0,3
BRDA:71,6,1,1
BRDA:71,7,0,4
BRDA:71,7,1,3
BRDA:71,7,2,3
BRDA:71,7,3,3
BRDA:74,8,0,1
BRDA:74,8,1,2
BRDA:80,9,0,2
BRDA:80,9,1,0
BRDA:83,10,0,1
BRDA:83,10,1,1
BRF:22
BRH:20
end_of_record
TN:
SF:/Users/kabinaya/Documents/BookManagement/BookManagement/app.js
FN:48,(anonymous_1)
FN:63,(anonymous_2)
FNF:2
FNH:2
FNDA:7,(anonymous_1)
FNDA:5,(anonymous_2)
DA:1,1
DA:2,1
DA:3,1
DA:4,1
DA:5,1
DA:6,1
DA:8,1
DA:9,1
DA:10,1
DA:11,1
DA:12,1
DA:14,1
DA:15,1
DA:17,1
DA:18,1
DA:19,1
DA:20,1
DA:21,0
DA:23,1
DA:24,1
DA:25,1
DA:26,1
DA:32,1
DA:34,1
DA:35,1
DA:36,1
DA:37,1
DA:38,1
DA:39,1
DA:40,1
DA:41,1
DA:45,1
DA:46,1
DA:47,1
DA:48,1
DA:49,7
DA:50,7
DA:53,0
DA:54,0
DA:55,0
DA:58,0
DA:63,1
DA:64,5
DA:66,2
DA:67,2
DA:68,2
DA:71,1
DA:72,1
DA:73,1
DA:75,1
DA:76,1
DA:86,1
DA:87,1
DA:88,0
DA:91,1
LF:55
LH:49
BRDA:15,1,0,1
BRDA:15,1,1,1
BRDA:20,2,0,0
BRDA:20,2,1,1
BRDA:49,3,0,7
BRDA:49,3,1,0
BRDA:53,4,0,0
BRDA:53,4,1,0
BRDA:53,5,0,0
BRDA:53,5,1,0
BRDA:53,5,2,0
BRDA:53,5,3,0
BRDA:64,6,0,2
BRDA:64,6,1,3
BRDA:64,7,0,5
BRDA:64,7,1,5
BRDA:64,7,2,5
BRDA:87,8,0,0
BRDA:87,8,1,1
BRF:19
BRH:10
end_of_record
TN:
SF:/Users/kabinaya/Documents/BookManagement/BookManagement/src/config/passport.js
FN:4,passportConfig
FNF:1
FNH:1
FNDA:1,passportConfig
DA:1,1
DA:2,1
DA:3,1
DA:4,1
DA:5,1
DA:6,1
DA:7,1
DA:9,1
DA:10,0
DA:11,0
DA:15,1
DA:16,0
DA:18,0
LF:13
LH:9
BRF:0
BRH:0
end_of_record
TN:
SF:/Users/kabinaya/Documents/BookManagement/BookManagement/src/config/strategies/local.strategy.js
FN:17,localStrategy
FNF:1
FNH:1
FNDA:1,localStrategy
DA:1,1
DA:2,1
DA:3,1
DA:4,1
DA:5,1
DA:8,1
DA:9,1
DA:12,0
DA:15,1
DA:17,1
DA:18,1
DA:22,0
DA:23,0
DA:24,0
DA:25,0
DA:26,0
DA:27,0
DA:28,0
DA:31,0
LF:19
LH:10
BRDA:8,1,0,1
BRDA:8,1,1,0
BRDA:27,2,0,0
BRDA:27,2,1,0
BRDA:27,3,0,0
BRDA:27,3,1,0
BRF:6
BRH:1
end_of_record
TN:
SF:/Users/kabinaya/Documents/BookManagement/BookManagement/src/routes/bookRoutes.js
FN:7,router
FNF:1
FNH:1
FNDA:1,router
DA:1,1
DA:3,1
DA:4,1
DA:5,1
DA:7,1
DA:8,1
DA:9,1
DA:10,1
DA:14,1
DA:15,1
DA:20,1
DA:22,1
LF:12
LH:12
BRF:0
BRH:0
end_of_record
TN:
SF:/Users/kabinaya/Documents/BookManagement/BookManagement/src/controllers/bookController.js
FN:14,bookController
FN:15,middleware
FN:16,(anonymous_3)
FN:18,(anonymous_4)
FN:46,getAll
FN:47,(anonymous_6)
FN:111,getById
FN:124,addNewBook
FN:143,updateOneBook
FN:160,deleteBook
FN:170,postNew
FNF:11
FNH:11
FNDA:2,bookController
FNDA:3,middleware
FNDA:3,(anonymous_3)
FNDA:3,(anonymous_4)
FNDA:3,getAll
FNDA:3,(anonymous_6)
FNDA:1,getById
FNDA:2,addNewBook
FNDA:1,updateOneBook
FNDA:1,deleteBook
FNDA:1,postNew
DA:2,1
DA:3,1
DA:4,1
DA:5,1
DA:6,1
DA:8,1
DA:9,1
DA:13,1
DA:14,1
DA:15,1
DA:16,3
DA:17,3
DA:18,3
DA:19,3
DA:20,0
DA:23,3
DA:24,3
DA:25,3
DA:28,0
DA:29,0
DA:33,0
DA:34,0
DA:42,0
DA:46,1
DA:47,3
DA:48,3
DA:49,0
DA:51,3
DA:52,1
DA:66,2
DA:67,0
DA:68,0
DA:69,0
DA:72,0
DA:77,0
DA:78,0
DA:93,2
DA:111,1
DA:112,1
DA:113,1
DA:124,1
DA:125,2
DA:126,1
DA:127,1
DA:129,1
DA:130,1
DA:131,1
DA:132,1
DA:133,1
DA:134,1
DA:135,1
DA:136,0
DA:139,1
DA:143,1
DA:144,1
DA:145,1
DA:147,1
DA:148,2
DA:150,1
DA:151,1
DA:152,0
DA:155,1
DA:156,1
DA:160,1
DA:161,1
DA:162,1
DA:163,0
DA:166,1
DA:170,1
DA:171,1
DA:172,1
DA:173,1
DA:174,0
DA:177,1
DA:178,1
DA:179,0
DA:182,1
DA:183,1
DA:188,2
DA:189,2
DA:190,2
DA:191,2
DA:192,2
DA:193,0
DA:196,2
DA:197,2
DA:198,4
DA:199,2
DA:200,2
DA:203,2
DA:206,2
DA:207,1
DA:210,1
DA:218,2
DA:230,1
LF:95
LH:76
BRDA:17,1,0,3
BRDA:17,1,1,0
BRDA:17,2,0,3
BRDA:17,2,1,3
BRDA:19,3,0,0
BRDA:19,3,1,3
BRDA:24,4,0,3
BRDA:24,4,1,0
BRDA:28,5,0,0
BRDA:28,5,1,0
BRDA:48,6,0,0
BRDA:48,6,1,3
BRDA:51,7,0,1
BRDA:51,7,1,2
BRDA:66,8,0,0
BRDA:66,8,1,2
BRDA:68,9,0,0
BRDA:68,9,1,0
BRDA:125,10,0,1
BRDA:125,10,1,1
BRDA:135,11,0,0
BRDA:135,11,1,1
BRDA:144,12,0,1
BRDA:144,12,1,0
BRDA:151,13,0,0
BRDA:151,13,1,1
BRDA:162,14,0,0
BRDA:162,14,1,1
BRDA:173,15,0,0
BRDA:173,15,1,1
BRDA:178,16,0,0
BRDA:178,16,1,1
BRDA:192,17,0,0
BRDA:192,17,1,2
BRDA:198,18,0,2
BRDA:198,18,1,2
BRDA:206,19,0,1
BRDA:206,19,1,1
BRF:38
BRH:22
end_of_record
TN:
SF:/Users/kabinaya/Documents/BookManagement/BookManagement/src/controllers/bookPersistence.js
FNF:0
FNH:0
DA:1,1
DA:2,1
DA:3,1
DA:4,1
DA:5,1
DA:7,1
DA:9,7
DA:10,7
DA:11,7
DA:12,7
DA:13,0
DA:18,7
DA:19,7
DA:25,0
DA:33,0
DA:41,6
DA:42,6
DA:43,6
DA:44,6
DA:45,6
DA:49,6
DA:50,0
DA:52,6
DA:53,4
DA:55,6
DA:56,0
DA:58,6
DA:59,6
DA:60,4
DA:66,2
DA:76,4
DA:77,4
DA:78,4
DA:79,0
DA:85,4
LF:35
LH:29
BRDA:9,1,0,7
BRDA:9,1,1,0
BRDA:10,2,0,7
BRDA:10,2,1,0
BRDA:12,3,0,0
BRDA:12,3,1,7
BRDA:18,4,0,7
BRDA:18,4,1,0
BRDA:42,5,0,6
BRDA:42,5,1,0
BRDA:49,6,0,0
BRDA:49,6,1,6
BRDA:52,7,0,4
BRDA:52,7,1,2
BRDA:55,8,0,0
BRDA:55,8,1,6
BRDA:59,9,0,4
BRDA:59,9,1,2
BRDA:76,10,0,4
BRDA:76,10,1,2
BRDA:78,11,0,0
BRDA:78,11,1,4
BRF:22
BRH:14
end_of_record
TN:
SF:/Users/kabinaya/Documents/BookManagement/BookManagement/models/bookModel.js
FN:13,(anonymous_1)
FNF:1
FNH:1
FNDA:13,(anonymous_1)
DA:1,1
DA:3,1
DA:4,1
DA:6,1
DA:14,13
DA:20,1
LF:6
LH:6
BRF:0
BRH:0
end_of_record
TN:
SF:/Users/kabinaya/Documents/BookManagement/BookManagement/src/validator/bookValidator.js
FNF:0
FNH:0
DA:1,1
DA:2,1
DA:4,1
DA:6,7
DA:7,7
DA:8,7
DA:14,0
LF:7
LH:6
BRDA:6,1,0,7
BRDA:6,1,1,0
BRDA:7,2,0,7
BRDA:7,2,1,0
BRF:4
BRH:2
end_of_record
TN:
SF:/Users/kabinaya/Documents/BookManagement/BookManagement/src/config/genrelist.js
FNF:0
FNH:0
DA:1,1
DA:10,1
LF:2
LH:2
BRF:0
BRH:0
end_of_record
TN:
SF:/Users/kabinaya/Documents/BookManagement/BookManagement/src/routes/authRoutes.js
FN:7,router
FN:15,(anonymous_2)
FN:16,(anonymous_3)
FNF:3
FNH:1
FNDA:1,router
FNDA:0,(anonymous_2)
FNDA:0,(anonymous_3)
DA:1,1
DA:2,1
DA:3,1
DA:5,1
DA:6,1
DA:7,1
DA:8,1
DA:11,1
DA:14,1
DA:16,0
DA:17,0
DA:20,1
DA:22,1
DA:25,1
LF:14
LH:12
BRF:0
BRH:0
end_of_record
TN:
SF:/Users/kabinaya/Documents/BookManagement/BookManagement/src/routes/bookAPIRoutes.js
FN:7,router
FNF:1
FNH:1
FNDA:1,router
DA:1,1
DA:3,1
DA:4,1
DA:5,1
DA:7,1
DA:8,1
DA:9,1
DA:10,1
DA:14,1
DA:15,1
DA:20,1
DA:22,1
LF:12
LH:12
BRF:0
BRH:0
end_of_record
TN:
SF:/Users/kabinaya/Documents/BookManagement/BookManagement/src/controllers/bookAPIController.js
FN:8,bookAPIController
FN:9,middleware
FN:10,(anonymous_3)
FN:12,(anonymous_4)
FN:27,getAll
FN:28,(anonymous_6)
FN:41,getById
FN:45,addNewBook
FN:64,updateOneBook
FN:82,deleteBook
FN:92,postNew
FNF:11
FNH:11
FNDA:1,bookAPIController
FNDA:4,middleware
FNDA:4,(anonymous_3)
FNDA:4,(anonymous_4)
FNDA:3,getAll
FNDA:3,(anonymous_6)
FNDA:1,getById
FNDA:1,addNewBook
FNDA:1,updateOneBook
FNDA:1,deleteBook
FNDA:2,postNew
DA:1,1
DA:2,1
DA:3,1
DA:4,1
DA:5,1
DA:6,1
DA:8,1
DA:9,1
DA:10,4
DA:11,4
DA:12,4
DA:13,4
DA:14,0
DA:17,4
DA:18,4
DA:23,0
DA:27,1
DA:28,3
DA:29,3
DA:30,0
DA:32,3
DA:33,1
DA:36,2
DA:41,1
DA:42,1
DA:43,1
DA:45,1
DA:46,1
DA:47,0
DA:48,0
DA:50,1
DA:51,1
DA:52,1
DA:53,1
DA:54,1
DA:55,1
DA:56,1
DA:57,0
DA:60,1
DA:64,1
DA:65,1
DA:66,0
DA:68,1
DA:69,3
DA:71,1
DA:72,1
DA:73,1
DA:74,0
DA:77,1
DA:78,1
DA:82,1
DA:83,1
DA:84,1
DA:85,0
DA:88,1
DA:92,1
DA:93,2
DA:94,2
DA:95,1
DA:98,1
DA:99,1
DA:100,0
DA:103,1
DA:109,1
DA:120,1
LF:65
LH:55
BRDA:11,1,0,4
BRDA:11,1,1,0
BRDA:11,2,0,4
BRDA:11,2,1,4
BRDA:13,3,0,0
BRDA:13,3,1,4
BRDA:29,4,0,0
BRDA:29,4,1,3
BRDA:32,5,0,1
BRDA:32,5,1,2
BRDA:46,6,0,0
BRDA:46,6,1,1
BRDA:56,7,0,0
BRDA:56,7,1,1
BRDA:65,8,0,0
BRDA:65,8,1,1
BRDA:73,9,0,0
BRDA:73,9,1,1
BRDA:84,10,0,0
BRDA:84,10,1,1
BRDA:94,11,0,1
BRDA:94,11,1,1
BRDA:99,12,0,0
BRDA:99,12,1,1
BRF:24
BRH:15
end_of_record
